{"C:\\Users\\kaush\\Projects\\CMU\\fse-s24-sa1\\server.js": {"path":"C:\\Users\\kaush\\Projects\\CMU\\fse-s24-sa1\\server.js","statementMap":{"0":{"start":{"line":21,"column":4},"end":{"line":23,"column":5}},"1":{"start":{"line":22,"column":6},"end":{"line":22,"column":67}},"2":{"start":{"line":25,"column":4},"end":{"line":25,"column":31}},"3":{"start":{"line":27,"column":4},"end":{"line":27,"column":25}},"4":{"start":{"line":28,"column":4},"end":{"line":28,"column":45}},"5":{"start":{"line":29,"column":17},"end":{"line":29,"column":21}},"6":{"start":{"line":31,"column":4},"end":{"line":31,"column":25}},"7":{"start":{"line":33,"column":4},"end":{"line":36,"column":5}},"8":{"start":{"line":34,"column":6},"end":{"line":34,"column":41}},"9":{"start":{"line":35,"column":6},"end":{"line":35,"column":45}},"10":{"start":{"line":38,"column":4},"end":{"line":38,"column":62}},"11":{"start":{"line":39,"column":4},"end":{"line":39,"column":32}},"12":{"start":{"line":40,"column":4},"end":{"line":40,"column":57}},"13":{"start":{"line":43,"column":20},"end":{"line":46,"column":5}},"14":{"start":{"line":48,"column":4},"end":{"line":50,"column":7}},"15":{"start":{"line":49,"column":6},"end":{"line":49,"column":42}},"16":{"start":{"line":51,"column":4},"end":{"line":51,"column":40}},"17":{"start":{"line":55,"column":4},"end":{"line":55,"column":33}},"18":{"start":{"line":56,"column":4},"end":{"line":56,"column":25}},"19":{"start":{"line":57,"column":4},"end":{"line":59,"column":7}},"20":{"start":{"line":58,"column":6},"end":{"line":58,"column":47}},"21":{"start":{"line":63,"column":4},"end":{"line":63,"column":41}},"22":{"start":{"line":64,"column":4},"end":{"line":64,"column":27}},"23":{"start":{"line":68,"column":4},"end":{"line":68,"column":44}},"24":{"start":{"line":72,"column":4},"end":{"line":72,"column":40}},"25":{"start":{"line":76,"column":4},"end":{"line":76,"column":27}}},"fnMap":{"0":{"name":"(anonymous_0)","decl":{"start":{"line":19,"column":2},"end":{"line":19,"column":3}},"loc":{"start":{"line":19,"column":22},"end":{"line":60,"column":3}},"line":19},"1":{"name":"(anonymous_1)","decl":{"start":{"line":48,"column":39},"end":{"line":48,"column":40}},"loc":{"start":{"line":48,"column":62},"end":{"line":50,"column":5}},"line":48},"2":{"name":"(anonymous_2)","decl":{"start":{"line":57,"column":33},"end":{"line":57,"column":34}},"loc":{"start":{"line":57,"column":45},"end":{"line":59,"column":5}},"line":57},"3":{"name":"(anonymous_3)","decl":{"start":{"line":62,"column":2},"end":{"line":62,"column":3}},"loc":{"start":{"line":62,"column":30},"end":{"line":65,"column":3}},"line":62},"4":{"name":"(anonymous_4)","decl":{"start":{"line":67,"column":2},"end":{"line":67,"column":3}},"loc":{"start":{"line":67,"column":33},"end":{"line":69,"column":3}},"line":67},"5":{"name":"(anonymous_5)","decl":{"start":{"line":71,"column":2},"end":{"line":71,"column":3}},"loc":{"start":{"line":71,"column":24},"end":{"line":73,"column":3}},"line":71},"6":{"name":"(anonymous_6)","decl":{"start":{"line":75,"column":2},"end":{"line":75,"column":3}},"loc":{"start":{"line":75,"column":15},"end":{"line":77,"column":3}},"line":75}},"branchMap":{"0":{"loc":{"start":{"line":21,"column":4},"end":{"line":23,"column":5}},"type":"if","locations":[{"start":{"line":21,"column":4},"end":{"line":23,"column":5}},{"start":{},"end":{}}],"line":21},"1":{"loc":{"start":{"line":33,"column":4},"end":{"line":36,"column":5}},"type":"if","locations":[{"start":{"line":33,"column":4},"end":{"line":36,"column":5}},{"start":{},"end":{}}],"line":33},"2":{"loc":{"start":{"line":45,"column":19},"end":{"line":45,"column":66}},"type":"cond-expr","locations":[{"start":{"line":45,"column":28},"end":{"line":45,"column":41}},{"start":{"line":45,"column":44},"end":{"line":45,"column":66}}],"line":45}},"s":{"0":1,"1":0,"2":1,"3":1,"4":1,"5":1,"6":1,"7":1,"8":0,"9":0,"10":1,"11":1,"12":1,"13":1,"14":1,"15":0,"16":1,"17":1,"18":1,"19":1,"20":1,"21":1,"22":1,"23":0,"24":0,"25":0},"f":{"0":1,"1":0,"2":1,"3":1,"4":0,"5":0,"6":0},"b":{"0":[0,1],"1":[0,1],"2":[1,0]},"_coverageSchema":"1a1c01bbd47fc00a2c39e90264f33305004495a9","hash":"b32feadfd3c01dbf2ba633da422b0627badf4544"}
,"C:\\Users\\kaush\\Projects\\CMU\\fse-s24-sa1\\Backend\\controller\\chatPrivately.js": {"path":"C:\\Users\\kaush\\Projects\\CMU\\fse-s24-sa1\\Backend\\controller\\chatPrivately.js","statementMap":{"0":{"start":{"line":6,"column":34},"end":{"line":13,"column":1}},"1":{"start":{"line":7,"column":21},"end":{"line":7,"column":83}},"2":{"start":{"line":8,"column":4},"end":{"line":12,"column":5}},"3":{"start":{"line":9,"column":8},"end":{"line":9,"column":49}},"4":{"start":{"line":11,"column":8},"end":{"line":11,"column":76}},"5":{"start":{"line":15,"column":37},"end":{"line":35,"column":1}},"6":{"start":{"line":17,"column":22},"end":{"line":17,"column":43}},"7":{"start":{"line":18,"column":4},"end":{"line":18,"column":112}},"8":{"start":{"line":19,"column":17},"end":{"line":19,"column":145}},"9":{"start":{"line":22,"column":23},"end":{"line":22,"column":60}},"10":{"start":{"line":23,"column":4},"end":{"line":29,"column":5}},"11":{"start":{"line":24,"column":26},"end":{"line":24,"column":63}},"12":{"start":{"line":25,"column":20},"end":{"line":25,"column":90}},"13":{"start":{"line":26,"column":8},"end":{"line":28,"column":11}},"14":{"start":{"line":27,"column":12},"end":{"line":27,"column":57}},"15":{"start":{"line":34,"column":4},"end":{"line":34,"column":44}},"16":{"start":{"line":38,"column":35},"end":{"line":45,"column":1}},"17":{"start":{"line":39,"column":21},"end":{"line":39,"column":108}},"18":{"start":{"line":40,"column":4},"end":{"line":44,"column":5}},"19":{"start":{"line":41,"column":8},"end":{"line":41,"column":48}},"20":{"start":{"line":43,"column":8},"end":{"line":43,"column":81}}},"fnMap":{"0":{"name":"(anonymous_0)","decl":{"start":{"line":6,"column":34},"end":{"line":6,"column":35}},"loc":{"start":{"line":6,"column":53},"end":{"line":13,"column":1}},"line":6},"1":{"name":"(anonymous_1)","decl":{"start":{"line":15,"column":37},"end":{"line":15,"column":38}},"loc":{"start":{"line":15,"column":54},"end":{"line":35,"column":1}},"line":15},"2":{"name":"(anonymous_2)","decl":{"start":{"line":26,"column":26},"end":{"line":26,"column":27}},"loc":{"start":{"line":26,"column":38},"end":{"line":28,"column":9}},"line":26},"3":{"name":"(anonymous_3)","decl":{"start":{"line":38,"column":35},"end":{"line":38,"column":36}},"loc":{"start":{"line":38,"column":54},"end":{"line":45,"column":1}},"line":38}},"branchMap":{"0":{"loc":{"start":{"line":23,"column":4},"end":{"line":29,"column":5}},"type":"if","locations":[{"start":{"line":23,"column":4},"end":{"line":29,"column":5}},{"start":{},"end":{}}],"line":23}},"s":{"0":1,"1":1,"2":1,"3":1,"4":0,"5":1,"6":1,"7":1,"8":1,"9":1,"10":1,"11":0,"12":0,"13":0,"14":0,"15":1,"16":1,"17":1,"18":1,"19":1,"20":0},"f":{"0":1,"1":1,"2":0,"3":1},"b":{"0":[0,1]},"_coverageSchema":"1a1c01bbd47fc00a2c39e90264f33305004495a9","hash":"ef01f8392040afb75dafcb536a1574f08d7b04a4"}
,"C:\\Users\\kaush\\Projects\\CMU\\fse-s24-sa1\\Backend\\controller\\chatPublicly.js": {"path":"C:\\Users\\kaush\\Projects\\CMU\\fse-s24-sa1\\Backend\\controller\\chatPublicly.js","statementMap":{"0":{"start":{"line":6,"column":28},"end":{"line":11,"column":1}},"1":{"start":{"line":7,"column":17},"end":{"line":9,"column":5}},"2":{"start":{"line":10,"column":4},"end":{"line":10,"column":34}},"3":{"start":{"line":13,"column":36},"end":{"line":19,"column":1}},"4":{"start":{"line":14,"column":17},"end":{"line":14,"column":124}},"5":{"start":{"line":15,"column":4},"end":{"line":15,"column":141}},"6":{"start":{"line":16,"column":4},"end":{"line":16,"column":37}},"7":{"start":{"line":18,"column":4},"end":{"line":18,"column":43}},"8":{"start":{"line":21,"column":34},"end":{"line":24,"column":1}},"9":{"start":{"line":22,"column":21},"end":{"line":22,"column":66}},"10":{"start":{"line":23,"column":4},"end":{"line":23,"column":32}}},"fnMap":{"0":{"name":"(anonymous_0)","decl":{"start":{"line":6,"column":28},"end":{"line":6,"column":29}},"loc":{"start":{"line":6,"column":42},"end":{"line":11,"column":1}},"line":6},"1":{"name":"(anonymous_1)","decl":{"start":{"line":13,"column":36},"end":{"line":13,"column":37}},"loc":{"start":{"line":13,"column":53},"end":{"line":19,"column":1}},"line":13},"2":{"name":"(anonymous_2)","decl":{"start":{"line":21,"column":34},"end":{"line":21,"column":35}},"loc":{"start":{"line":21,"column":53},"end":{"line":24,"column":1}},"line":21}},"branchMap":{},"s":{"0":1,"1":0,"2":0,"3":1,"4":0,"5":0,"6":0,"7":0,"8":1,"9":0,"10":0},"f":{"0":0,"1":0,"2":0},"b":{},"_coverageSchema":"1a1c01bbd47fc00a2c39e90264f33305004495a9","hash":"7588df967e629ba0caee1406b49887054bcf0eed"}
,"C:\\Users\\kaush\\Projects\\CMU\\fse-s24-sa1\\Backend\\controller\\joinCommunity.js": {"path":"C:\\Users\\kaush\\Projects\\CMU\\fse-s24-sa1\\Backend\\controller\\joinCommunity.js","statementMap":{"0":{"start":{"line":10,"column":24},"end":{"line":15,"column":1}},"1":{"start":{"line":11,"column":17},"end":{"line":13,"column":5}},"2":{"start":{"line":14,"column":4},"end":{"line":14,"column":31}},"3":{"start":{"line":17,"column":25},"end":{"line":22,"column":1}},"4":{"start":{"line":18,"column":17},"end":{"line":20,"column":5}},"5":{"start":{"line":21,"column":4},"end":{"line":21,"column":32}},"6":{"start":{"line":25,"column":23},"end":{"line":25,"column":80}},"7":{"start":{"line":26,"column":4},"end":{"line":39,"column":5}},"8":{"start":{"line":27,"column":17},"end":{"line":27,"column":35}},"9":{"start":{"line":28,"column":21},"end":{"line":31,"column":9}},"10":{"start":{"line":32,"column":32},"end":{"line":32,"column":65}},"11":{"start":{"line":33,"column":25},"end":{"line":33,"column":104}},"12":{"start":{"line":35,"column":8},"end":{"line":35,"column":20}},"13":{"start":{"line":38,"column":8},"end":{"line":38,"column":19}},"14":{"start":{"line":42,"column":32},"end":{"line":67,"column":1}},"15":{"start":{"line":43,"column":35},"end":{"line":43,"column":64}},"16":{"start":{"line":44,"column":4},"end":{"line":49,"column":5}},"17":{"start":{"line":45,"column":8},"end":{"line":45,"column":63}},"18":{"start":{"line":48,"column":8},"end":{"line":48,"column":64}},"19":{"start":{"line":69,"column":24},"end":{"line":113,"column":1}},"20":{"start":{"line":70,"column":17},"end":{"line":73,"column":5}},"21":{"start":{"line":75,"column":17},"end":{"line":75,"column":18}},"22":{"start":{"line":76,"column":4},"end":{"line":92,"column":5}},"23":{"start":{"line":77,"column":8},"end":{"line":77,"column":52}},"24":{"start":{"line":79,"column":8},"end":{"line":82,"column":9}},"25":{"start":{"line":80,"column":12},"end":{"line":80,"column":71}},"26":{"start":{"line":81,"column":12},"end":{"line":81,"column":19}},"27":{"start":{"line":83,"column":8},"end":{"line":86,"column":9}},"28":{"start":{"line":84,"column":12},"end":{"line":84,"column":71}},"29":{"start":{"line":85,"column":12},"end":{"line":85,"column":19}},"30":{"start":{"line":87,"column":8},"end":{"line":90,"column":9}},"31":{"start":{"line":88,"column":12},"end":{"line":88,"column":67}},"32":{"start":{"line":89,"column":12},"end":{"line":89,"column":19}},"33":{"start":{"line":91,"column":8},"end":{"line":91,"column":24}},"34":{"start":{"line":99,"column":23},"end":{"line":99,"column":75}},"35":{"start":{"line":101,"column":4},"end":{"line":111,"column":5}},"36":{"start":{"line":102,"column":32},"end":{"line":102,"column":65}},"37":{"start":{"line":103,"column":34},"end":{"line":103,"column":108}},"38":{"start":{"line":104,"column":8},"end":{"line":108,"column":9}},"39":{"start":{"line":105,"column":12},"end":{"line":105,"column":25}},"40":{"start":{"line":107,"column":12},"end":{"line":107,"column":25}},"41":{"start":{"line":110,"column":8},"end":{"line":110,"column":21}},"42":{"start":{"line":112,"column":4},"end":{"line":112,"column":30}},"43":{"start":{"line":115,"column":35},"end":{"line":129,"column":1}},"44":{"start":{"line":116,"column":21},"end":{"line":116,"column":38}},"45":{"start":{"line":117,"column":23},"end":{"line":117,"column":70}},"46":{"start":{"line":118,"column":4},"end":{"line":128,"column":5}},"47":{"start":{"line":119,"column":8},"end":{"line":125,"column":9}},"48":{"start":{"line":120,"column":12},"end":{"line":120,"column":72}},"49":{"start":{"line":121,"column":12},"end":{"line":121,"column":49}},"50":{"start":{"line":123,"column":12},"end":{"line":123,"column":29}},"51":{"start":{"line":124,"column":12},"end":{"line":124,"column":58}},"52":{"start":{"line":127,"column":8},"end":{"line":127,"column":52}}},"fnMap":{"0":{"name":"(anonymous_0)","decl":{"start":{"line":10,"column":24},"end":{"line":10,"column":25}},"loc":{"start":{"line":10,"column":38},"end":{"line":15,"column":1}},"line":10},"1":{"name":"(anonymous_1)","decl":{"start":{"line":17,"column":25},"end":{"line":17,"column":26}},"loc":{"start":{"line":17,"column":39},"end":{"line":22,"column":1}},"line":17},"2":{"name":"loginRegister","decl":{"start":{"line":24,"column":22},"end":{"line":24,"column":35}},"loc":{"start":{"line":24,"column":46},"end":{"line":40,"column":1}},"line":24},"3":{"name":"(anonymous_3)","decl":{"start":{"line":42,"column":32},"end":{"line":42,"column":33}},"loc":{"start":{"line":42,"column":52},"end":{"line":67,"column":1}},"line":42},"4":{"name":"(anonymous_4)","decl":{"start":{"line":69,"column":24},"end":{"line":69,"column":25}},"loc":{"start":{"line":69,"column":44},"end":{"line":113,"column":1}},"line":69},"5":{"name":"(anonymous_5)","decl":{"start":{"line":115,"column":35},"end":{"line":115,"column":36}},"loc":{"start":{"line":115,"column":55},"end":{"line":129,"column":1}},"line":115}},"branchMap":{"0":{"loc":{"start":{"line":26,"column":4},"end":{"line":39,"column":5}},"type":"if","locations":[{"start":{"line":26,"column":4},"end":{"line":39,"column":5}},{"start":{"line":36,"column":11},"end":{"line":39,"column":5}}],"line":26},"1":{"loc":{"start":{"line":44,"column":4},"end":{"line":49,"column":5}},"type":"if","locations":[{"start":{"line":44,"column":4},"end":{"line":49,"column":5}},{"start":{"line":47,"column":8},"end":{"line":49,"column":5}}],"line":44},"2":{"loc":{"start":{"line":79,"column":8},"end":{"line":82,"column":9}},"type":"if","locations":[{"start":{"line":79,"column":8},"end":{"line":82,"column":9}},{"start":{},"end":{}}],"line":79},"3":{"loc":{"start":{"line":83,"column":8},"end":{"line":86,"column":9}},"type":"if","locations":[{"start":{"line":83,"column":8},"end":{"line":86,"column":9}},{"start":{},"end":{}}],"line":83},"4":{"loc":{"start":{"line":87,"column":8},"end":{"line":90,"column":9}},"type":"if","locations":[{"start":{"line":87,"column":8},"end":{"line":90,"column":9}},{"start":{},"end":{}}],"line":87},"5":{"loc":{"start":{"line":101,"column":4},"end":{"line":111,"column":5}},"type":"if","locations":[{"start":{"line":101,"column":4},"end":{"line":111,"column":5}},{"start":{"line":109,"column":11},"end":{"line":111,"column":5}}],"line":101},"6":{"loc":{"start":{"line":104,"column":8},"end":{"line":108,"column":9}},"type":"if","locations":[{"start":{"line":104,"column":8},"end":{"line":108,"column":9}},{"start":{"line":106,"column":15},"end":{"line":108,"column":9}}],"line":104},"7":{"loc":{"start":{"line":118,"column":4},"end":{"line":128,"column":5}},"type":"if","locations":[{"start":{"line":118,"column":4},"end":{"line":128,"column":5}},{"start":{"line":126,"column":11},"end":{"line":128,"column":5}}],"line":118}},"s":{"0":2,"1":0,"2":0,"3":2,"4":0,"5":0,"6":1,"7":1,"8":1,"9":1,"10":1,"11":1,"12":1,"13":0,"14":2,"15":0,"16":0,"17":0,"18":0,"19":2,"20":0,"21":0,"22":0,"23":0,"24":0,"25":0,"26":0,"27":0,"28":0,"29":0,"30":0,"31":0,"32":0,"33":0,"34":0,"35":0,"36":0,"37":0,"38":0,"39":0,"40":0,"41":0,"42":0,"43":2,"44":0,"45":0,"46":0,"47":0,"48":0,"49":0,"50":0,"51":0,"52":0},"f":{"0":0,"1":0,"2":1,"3":0,"4":0,"5":0},"b":{"0":[1,0],"1":[0,0],"2":[0,0],"3":[0,0],"4":[0,0],"5":[0,0],"6":[0,0],"7":[0,0]},"_coverageSchema":"1a1c01bbd47fc00a2c39e90264f33305004495a9","hash":"e78c6027b187af2dcecb89a4f487aab6785dc567"}
,"C:\\Users\\kaush\\Projects\\CMU\\fse-s24-sa1\\Backend\\controller\\loginController.js": {"path":"C:\\Users\\kaush\\Projects\\CMU\\fse-s24-sa1\\Backend\\controller\\loginController.js","statementMap":{"0":{"start":{"line":6,"column":29},"end":{"line":13,"column":1}},"1":{"start":{"line":7,"column":21},"end":{"line":7,"column":38}},"2":{"start":{"line":8,"column":4},"end":{"line":12,"column":5}},"3":{"start":{"line":9,"column":8},"end":{"line":9,"column":24}},"4":{"start":{"line":11,"column":8},"end":{"line":11,"column":25}},"5":{"start":{"line":15,"column":21},"end":{"line":26,"column":1}},"6":{"start":{"line":16,"column":17},"end":{"line":16,"column":73}},"7":{"start":{"line":17,"column":4},"end":{"line":25,"column":5}},"8":{"start":{"line":18,"column":25},"end":{"line":18,"column":157}},"9":{"start":{"line":19,"column":8},"end":{"line":19,"column":64}},"10":{"start":{"line":20,"column":22},"end":{"line":20,"column":59}},"11":{"start":{"line":21,"column":8},"end":{"line":21,"column":41}},"12":{"start":{"line":22,"column":8},"end":{"line":22,"column":62}},"13":{"start":{"line":24,"column":8},"end":{"line":24,"column":60}},"14":{"start":{"line":29,"column":22},"end":{"line":40,"column":1}},"15":{"start":{"line":30,"column":17},"end":{"line":30,"column":73}},"16":{"start":{"line":31,"column":4},"end":{"line":39,"column":5}},"17":{"start":{"line":32,"column":8},"end":{"line":32,"column":65}},"18":{"start":{"line":33,"column":8},"end":{"line":33,"column":44}},"19":{"start":{"line":34,"column":22},"end":{"line":34,"column":59}},"20":{"start":{"line":35,"column":8},"end":{"line":35,"column":42}},"21":{"start":{"line":36,"column":8},"end":{"line":36,"column":33}},"22":{"start":{"line":38,"column":8},"end":{"line":38,"column":60}},"23":{"start":{"line":42,"column":34},"end":{"line":56,"column":1}},"24":{"start":{"line":43,"column":21},"end":{"line":43,"column":40}},"25":{"start":{"line":45,"column":17},"end":{"line":45,"column":64}},"26":{"start":{"line":46,"column":4},"end":{"line":55,"column":5}},"27":{"start":{"line":47,"column":8},"end":{"line":47,"column":57}},"28":{"start":{"line":48,"column":8},"end":{"line":48,"column":59}},"29":{"start":{"line":49,"column":22},"end":{"line":49,"column":59}},"30":{"start":{"line":50,"column":8},"end":{"line":50,"column":42}},"31":{"start":{"line":52,"column":8},"end":{"line":52,"column":33}},"32":{"start":{"line":54,"column":8},"end":{"line":54,"column":60}},"33":{"start":{"line":60,"column":36},"end":{"line":69,"column":1}},"34":{"start":{"line":61,"column":21},"end":{"line":61,"column":63}},"35":{"start":{"line":62,"column":34},"end":{"line":62,"column":62}},"36":{"start":{"line":63,"column":4},"end":{"line":68,"column":5}},"37":{"start":{"line":64,"column":8},"end":{"line":64,"column":54}},"38":{"start":{"line":65,"column":22},"end":{"line":65,"column":59}},"39":{"start":{"line":66,"column":8},"end":{"line":66,"column":41}},"40":{"start":{"line":72,"column":24},"end":{"line":80,"column":1}},"41":{"start":{"line":73,"column":4},"end":{"line":79,"column":5}},"42":{"start":{"line":74,"column":22},"end":{"line":74,"column":59}},"43":{"start":{"line":75,"column":8},"end":{"line":75,"column":28}},"44":{"start":{"line":77,"column":8},"end":{"line":77,"column":53}},"45":{"start":{"line":78,"column":8},"end":{"line":78,"column":65}}},"fnMap":{"0":{"name":"(anonymous_0)","decl":{"start":{"line":6,"column":29},"end":{"line":6,"column":30}},"loc":{"start":{"line":6,"column":49},"end":{"line":13,"column":1}},"line":6},"1":{"name":"(anonymous_1)","decl":{"start":{"line":15,"column":21},"end":{"line":15,"column":22}},"loc":{"start":{"line":15,"column":41},"end":{"line":26,"column":1}},"line":15},"2":{"name":"(anonymous_2)","decl":{"start":{"line":29,"column":22},"end":{"line":29,"column":23}},"loc":{"start":{"line":29,"column":42},"end":{"line":40,"column":1}},"line":29},"3":{"name":"(anonymous_3)","decl":{"start":{"line":42,"column":34},"end":{"line":42,"column":35}},"loc":{"start":{"line":42,"column":54},"end":{"line":56,"column":1}},"line":42},"4":{"name":"(anonymous_4)","decl":{"start":{"line":60,"column":36},"end":{"line":60,"column":37}},"loc":{"start":{"line":60,"column":56},"end":{"line":69,"column":1}},"line":60},"5":{"name":"(anonymous_5)","decl":{"start":{"line":72,"column":24},"end":{"line":72,"column":25}},"loc":{"start":{"line":72,"column":44},"end":{"line":80,"column":1}},"line":72}},"branchMap":{"0":{"loc":{"start":{"line":8,"column":4},"end":{"line":12,"column":5}},"type":"if","locations":[{"start":{"line":8,"column":4},"end":{"line":12,"column":5}},{"start":{"line":10,"column":11},"end":{"line":12,"column":5}}],"line":8},"1":{"loc":{"start":{"line":17,"column":4},"end":{"line":25,"column":5}},"type":"if","locations":[{"start":{"line":17,"column":4},"end":{"line":25,"column":5}},{"start":{"line":23,"column":11},"end":{"line":25,"column":5}}],"line":17},"2":{"loc":{"start":{"line":18,"column":76},"end":{"line":18,"column":135}},"type":"cond-expr","locations":[{"start":{"line":18,"column":99},"end":{"line":18,"column":121}},{"start":{"line":18,"column":122},"end":{"line":18,"column":135}}],"line":18},"3":{"loc":{"start":{"line":31,"column":4},"end":{"line":39,"column":5}},"type":"if","locations":[{"start":{"line":31,"column":4},"end":{"line":39,"column":5}},{"start":{"line":37,"column":11},"end":{"line":39,"column":5}}],"line":31},"4":{"loc":{"start":{"line":46,"column":4},"end":{"line":55,"column":5}},"type":"if","locations":[{"start":{"line":46,"column":4},"end":{"line":55,"column":5}},{"start":{"line":53,"column":11},"end":{"line":55,"column":5}}],"line":46},"5":{"loc":{"start":{"line":63,"column":4},"end":{"line":68,"column":5}},"type":"if","locations":[{"start":{"line":63,"column":4},"end":{"line":68,"column":5}},{"start":{},"end":{}}],"line":63}},"s":{"0":1,"1":0,"2":0,"3":0,"4":0,"5":1,"6":0,"7":0,"8":0,"9":0,"10":0,"11":0,"12":0,"13":0,"14":1,"15":0,"16":0,"17":0,"18":0,"19":0,"20":0,"21":0,"22":0,"23":1,"24":0,"25":0,"26":0,"27":0,"28":0,"29":0,"30":0,"31":0,"32":0,"33":1,"34":0,"35":0,"36":0,"37":0,"38":0,"39":0,"40":1,"41":0,"42":0,"43":0,"44":0,"45":0},"f":{"0":0,"1":0,"2":0,"3":0,"4":0,"5":0},"b":{"0":[0,0],"1":[0,0],"2":[0,0],"3":[0,0],"4":[0,0],"5":[0,0]},"_coverageSchema":"1a1c01bbd47fc00a2c39e90264f33305004495a9","hash":"1cd5c39375f495689731d74146dabbe32a369123"}
,"C:\\Users\\kaush\\Projects\\CMU\\fse-s24-sa1\\Backend\\controller\\postAnnouncement.js": {"path":"C:\\Users\\kaush\\Projects\\CMU\\fse-s24-sa1\\Backend\\controller\\postAnnouncement.js","statementMap":{"0":{"start":{"line":5,"column":42},"end":{"line":11,"column":1}},"1":{"start":{"line":6,"column":17},"end":{"line":6,"column":124}},"2":{"start":{"line":7,"column":4},"end":{"line":7,"column":141}},"3":{"start":{"line":8,"column":4},"end":{"line":8,"column":37}},"4":{"start":{"line":10,"column":4},"end":{"line":10,"column":43}},"5":{"start":{"line":13,"column":40},"end":{"line":16,"column":1}},"6":{"start":{"line":14,"column":21},"end":{"line":14,"column":75}},"7":{"start":{"line":15,"column":4},"end":{"line":15,"column":32}}},"fnMap":{"0":{"name":"(anonymous_0)","decl":{"start":{"line":5,"column":42},"end":{"line":5,"column":43}},"loc":{"start":{"line":5,"column":59},"end":{"line":11,"column":1}},"line":5},"1":{"name":"(anonymous_1)","decl":{"start":{"line":13,"column":40},"end":{"line":13,"column":41}},"loc":{"start":{"line":13,"column":59},"end":{"line":16,"column":1}},"line":13}},"branchMap":{},"s":{"0":1,"1":0,"2":0,"3":0,"4":0,"5":1,"6":0,"7":0},"f":{"0":0,"1":0},"b":{},"_coverageSchema":"1a1c01bbd47fc00a2c39e90264f33305004495a9","hash":"f367410a8033ca99145f4dfda3c22461e2641655"}
,"C:\\Users\\kaush\\Projects\\CMU\\fse-s24-sa1\\Backend\\controller\\search_info.js": {"path":"C:\\Users\\kaush\\Projects\\CMU\\fse-s24-sa1\\Backend\\controller\\search_info.js","statementMap":{"0":{"start":{"line":4,"column":18},"end":{"line":4,"column":33}},"1":{"start":{"line":5,"column":22},"end":{"line":15,"column":7}},"2":{"start":{"line":16,"column":4},"end":{"line":20,"column":5}},"3":{"start":{"line":16,"column":16},"end":{"line":16,"column":17}},"4":{"start":{"line":17,"column":8},"end":{"line":19,"column":9}},"5":{"start":{"line":18,"column":12},"end":{"line":18,"column":25}},"6":{"start":{"line":21,"column":4},"end":{"line":21,"column":16}},"7":{"start":{"line":24,"column":37},"end":{"line":34,"column":1}},"8":{"start":{"line":25,"column":20},"end":{"line":25,"column":38}},"9":{"start":{"line":26,"column":18},"end":{"line":26,"column":34}},"10":{"start":{"line":27,"column":4},"end":{"line":32,"column":5}},"11":{"start":{"line":28,"column":23},"end":{"line":28,"column":88}},"12":{"start":{"line":29,"column":8},"end":{"line":29,"column":53}},"13":{"start":{"line":31,"column":8},"end":{"line":31,"column":31}},"14":{"start":{"line":36,"column":39},"end":{"line":56,"column":1}},"15":{"start":{"line":38,"column":20},"end":{"line":38,"column":38}},"16":{"start":{"line":39,"column":19},"end":{"line":39,"column":36}},"17":{"start":{"line":40,"column":21},"end":{"line":40,"column":40}},"18":{"start":{"line":41,"column":18},"end":{"line":41,"column":34}},"19":{"start":{"line":42,"column":4},"end":{"line":53,"column":5}},"20":{"start":{"line":43,"column":23},"end":{"line":43,"column":73}},"21":{"start":{"line":44,"column":8},"end":{"line":44,"column":37}},"22":{"start":{"line":45,"column":8},"end":{"line":45,"column":39}},"23":{"start":{"line":47,"column":8},"end":{"line":52,"column":9}},"24":{"start":{"line":48,"column":27},"end":{"line":48,"column":111}},"25":{"start":{"line":49,"column":12},"end":{"line":49,"column":57}},"26":{"start":{"line":51,"column":12},"end":{"line":51,"column":53}},"27":{"start":{"line":58,"column":32},"end":{"line":62,"column":1}},"28":{"start":{"line":59,"column":19},"end":{"line":59,"column":96}},"29":{"start":{"line":60,"column":4},"end":{"line":60,"column":34}},"30":{"start":{"line":61,"column":4},"end":{"line":61,"column":49}},"31":{"start":{"line":64,"column":36},"end":{"line":74,"column":1}},"32":{"start":{"line":65,"column":20},"end":{"line":65,"column":38}},"33":{"start":{"line":66,"column":4},"end":{"line":71,"column":5}},"34":{"start":{"line":67,"column":23},"end":{"line":67,"column":107}},"35":{"start":{"line":68,"column":8},"end":{"line":68,"column":53}},"36":{"start":{"line":70,"column":8},"end":{"line":70,"column":31}},"37":{"start":{"line":72,"column":19},"end":{"line":72,"column":85}},"38":{"start":{"line":73,"column":4},"end":{"line":73,"column":49}},"39":{"start":{"line":76,"column":30},"end":{"line":81,"column":1}},"40":{"start":{"line":77,"column":19},"end":{"line":77,"column":36}},"41":{"start":{"line":78,"column":19},"end":{"line":78,"column":67}},"42":{"start":{"line":79,"column":4},"end":{"line":79,"column":49}}},"fnMap":{"0":{"name":"containsStopWords","decl":{"start":{"line":3,"column":9},"end":{"line":3,"column":26}},"loc":{"start":{"line":3,"column":32},"end":{"line":22,"column":1}},"line":3},"1":{"name":"(anonymous_1)","decl":{"start":{"line":24,"column":37},"end":{"line":24,"column":38}},"loc":{"start":{"line":24,"column":53},"end":{"line":34,"column":1}},"line":24},"2":{"name":"(anonymous_2)","decl":{"start":{"line":36,"column":39},"end":{"line":36,"column":40}},"loc":{"start":{"line":36,"column":55},"end":{"line":56,"column":1}},"line":36},"3":{"name":"(anonymous_3)","decl":{"start":{"line":58,"column":32},"end":{"line":58,"column":33}},"loc":{"start":{"line":58,"column":48},"end":{"line":62,"column":1}},"line":58},"4":{"name":"(anonymous_4)","decl":{"start":{"line":64,"column":36},"end":{"line":64,"column":37}},"loc":{"start":{"line":64,"column":52},"end":{"line":74,"column":1}},"line":64},"5":{"name":"(anonymous_5)","decl":{"start":{"line":76,"column":30},"end":{"line":76,"column":31}},"loc":{"start":{"line":76,"column":47},"end":{"line":81,"column":1}},"line":76}},"branchMap":{"0":{"loc":{"start":{"line":17,"column":8},"end":{"line":19,"column":9}},"type":"if","locations":[{"start":{"line":17,"column":8},"end":{"line":19,"column":9}},{"start":{},"end":{}}],"line":17},"1":{"loc":{"start":{"line":27,"column":4},"end":{"line":32,"column":5}},"type":"if","locations":[{"start":{"line":27,"column":4},"end":{"line":32,"column":5}},{"start":{"line":30,"column":9},"end":{"line":32,"column":5}}],"line":27},"2":{"loc":{"start":{"line":42,"column":4},"end":{"line":53,"column":5}},"type":"if","locations":[{"start":{"line":42,"column":4},"end":{"line":53,"column":5}},{"start":{"line":46,"column":9},"end":{"line":53,"column":5}}],"line":42},"3":{"loc":{"start":{"line":47,"column":8},"end":{"line":52,"column":9}},"type":"if","locations":[{"start":{"line":47,"column":8},"end":{"line":52,"column":9}},{"start":{"line":50,"column":13},"end":{"line":52,"column":9}}],"line":47},"4":{"loc":{"start":{"line":66,"column":4},"end":{"line":71,"column":5}},"type":"if","locations":[{"start":{"line":66,"column":4},"end":{"line":71,"column":5}},{"start":{"line":69,"column":9},"end":{"line":71,"column":5}}],"line":66}},"s":{"0":0,"1":0,"2":0,"3":0,"4":0,"5":0,"6":0,"7":1,"8":0,"9":0,"10":0,"11":0,"12":0,"13":0,"14":1,"15":0,"16":0,"17":0,"18":0,"19":0,"20":0,"21":0,"22":0,"23":0,"24":0,"25":0,"26":0,"27":1,"28":0,"29":0,"30":0,"31":1,"32":0,"33":0,"34":0,"35":0,"36":0,"37":0,"38":0,"39":1,"40":0,"41":0,"42":0},"f":{"0":0,"1":0,"2":0,"3":0,"4":0,"5":0},"b":{"0":[0,0],"1":[0,0],"2":[0,0],"3":[0,0],"4":[0,0]},"_coverageSchema":"1a1c01bbd47fc00a2c39e90264f33305004495a9","hash":"6dfa38898b0864657d962ec3fbc4a6c335d21bf0"}
,"C:\\Users\\kaush\\Projects\\CMU\\fse-s24-sa1\\Backend\\controller\\shareStatus.js": {"path":"C:\\Users\\kaush\\Projects\\CMU\\fse-s24-sa1\\Backend\\controller\\shareStatus.js","statementMap":{"0":{"start":{"line":4,"column":32},"end":{"line":16,"column":1}},"1":{"start":{"line":5,"column":21},"end":{"line":5,"column":40}},"2":{"start":{"line":6,"column":19},"end":{"line":6,"column":34}},"3":{"start":{"line":8,"column":4},"end":{"line":8,"column":63}},"4":{"start":{"line":9,"column":4},"end":{"line":9,"column":67}},"5":{"start":{"line":10,"column":4},"end":{"line":14,"column":5}},"6":{"start":{"line":11,"column":8},"end":{"line":11,"column":58}},"7":{"start":{"line":13,"column":8},"end":{"line":13,"column":67}},"8":{"start":{"line":19,"column":25},"end":{"line":28,"column":1}},"9":{"start":{"line":20,"column":21},"end":{"line":20,"column":40}},"10":{"start":{"line":21,"column":4},"end":{"line":26,"column":5}},"11":{"start":{"line":22,"column":21},"end":{"line":22,"column":68}},"12":{"start":{"line":23,"column":8},"end":{"line":23,"column":52}},"13":{"start":{"line":25,"column":8},"end":{"line":25,"column":64}}},"fnMap":{"0":{"name":"(anonymous_0)","decl":{"start":{"line":4,"column":32},"end":{"line":4,"column":33}},"loc":{"start":{"line":4,"column":51},"end":{"line":16,"column":1}},"line":4},"1":{"name":"(anonymous_1)","decl":{"start":{"line":19,"column":25},"end":{"line":19,"column":26}},"loc":{"start":{"line":19,"column":44},"end":{"line":28,"column":1}},"line":19}},"branchMap":{},"s":{"0":1,"1":1,"2":1,"3":1,"4":1,"5":1,"6":1,"7":0,"8":1,"9":1,"10":1,"11":1,"12":1,"13":0},"f":{"0":1,"1":1},"b":{},"_coverageSchema":"1a1c01bbd47fc00a2c39e90264f33305004495a9","hash":"614d75b1fc8b52bb4982982f827cbce19522d18e"}
,"C:\\Users\\kaush\\Projects\\CMU\\fse-s24-sa1\\Backend\\controller\\speedtest.js": {"path":"C:\\Users\\kaush\\Projects\\CMU\\fse-s24-sa1\\Backend\\controller\\speedtest.js","statementMap":{"0":{"start":{"line":8,"column":21},"end":{"line":8,"column":38}},"1":{"start":{"line":9,"column":4},"end":{"line":9,"column":35}},"2":{"start":{"line":10,"column":4},"end":{"line":10,"column":38}},"3":{"start":{"line":12,"column":4},"end":{"line":12,"column":20}},"4":{"start":{"line":13,"column":4},"end":{"line":13,"column":60}},"5":{"start":{"line":14,"column":4},"end":{"line":14,"column":36}},"6":{"start":{"line":15,"column":4},"end":{"line":15,"column":42}},"7":{"start":{"line":19,"column":4},"end":{"line":19,"column":21}},"8":{"start":{"line":20,"column":4},"end":{"line":20,"column":36}},"9":{"start":{"line":23,"column":24},"end":{"line":31,"column":1}},"10":{"start":{"line":24,"column":16},"end":{"line":24,"column":33}},"11":{"start":{"line":25,"column":4},"end":{"line":25,"column":26}},"12":{"start":{"line":26,"column":4},"end":{"line":26,"column":26}},"13":{"start":{"line":27,"column":21},"end":{"line":27,"column":50}},"14":{"start":{"line":28,"column":4},"end":{"line":28,"column":30}},"15":{"start":{"line":29,"column":4},"end":{"line":29,"column":26}},"16":{"start":{"line":30,"column":4},"end":{"line":30,"column":38}},"17":{"start":{"line":33,"column":34},"end":{"line":39,"column":1}},"18":{"start":{"line":34,"column":4},"end":{"line":38,"column":5}},"19":{"start":{"line":35,"column":8},"end":{"line":35,"column":35}},"20":{"start":{"line":37,"column":8},"end":{"line":37,"column":36}}},"fnMap":{"0":{"name":"startSpeedTest","decl":{"start":{"line":7,"column":22},"end":{"line":7,"column":36}},"loc":{"start":{"line":7,"column":46},"end":{"line":16,"column":1}},"line":7},"1":{"name":"stopSpeedTest","decl":{"start":{"line":18,"column":22},"end":{"line":18,"column":35}},"loc":{"start":{"line":18,"column":45},"end":{"line":21,"column":1}},"line":18},"2":{"name":"(anonymous_2)","decl":{"start":{"line":23,"column":24},"end":{"line":23,"column":25}},"loc":{"start":{"line":23,"column":33},"end":{"line":31,"column":1}},"line":23},"3":{"name":"(anonymous_3)","decl":{"start":{"line":33,"column":34},"end":{"line":33,"column":35}},"loc":{"start":{"line":33,"column":51},"end":{"line":39,"column":1}},"line":33}},"branchMap":{"0":{"loc":{"start":{"line":34,"column":4},"end":{"line":38,"column":5}},"type":"if","locations":[{"start":{"line":34,"column":4},"end":{"line":38,"column":5}},{"start":{"line":36,"column":11},"end":{"line":38,"column":5}}],"line":34}},"s":{"0":0,"1":0,"2":0,"3":0,"4":0,"5":0,"6":0,"7":0,"8":0,"9":1,"10":0,"11":0,"12":0,"13":0,"14":0,"15":0,"16":0,"17":1,"18":0,"19":0,"20":0},"f":{"0":0,"1":0,"2":0,"3":0},"b":{"0":[0,0]},"_coverageSchema":"1a1c01bbd47fc00a2c39e90264f33305004495a9","hash":"754ade1fe67111598b8aac3e594b4036883f1158"}
,"C:\\Users\\kaush\\Projects\\CMU\\fse-s24-sa1\\Backend\\model\\ActiveUser.js": {"path":"C:\\Users\\kaush\\Projects\\CMU\\fse-s24-sa1\\Backend\\model\\ActiveUser.js","statementMap":{"0":{"start":{"line":2,"column":25},"end":{"line":11,"column":2}},"1":{"start":{"line":13,"column":19},"end":{"line":13,"column":65}},"2":{"start":{"line":17,"column":23},"end":{"line":17,"column":91}},"3":{"start":{"line":18,"column":4},"end":{"line":18,"column":22}},"4":{"start":{"line":22,"column":42},"end":{"line":28,"column":1}},"5":{"start":{"line":23,"column":23},"end":{"line":23,"column":69}},"6":{"start":{"line":24,"column":4},"end":{"line":27,"column":5}},"7":{"start":{"line":25,"column":8},"end":{"line":25,"column":57}},"8":{"start":{"line":26,"column":8},"end":{"line":26,"column":35}},"9":{"start":{"line":30,"column":28},"end":{"line":37,"column":1}},"10":{"start":{"line":31,"column":24},"end":{"line":31,"column":67}},"11":{"start":{"line":32,"column":4},"end":{"line":36,"column":5}},"12":{"start":{"line":33,"column":8},"end":{"line":33,"column":21}},"13":{"start":{"line":35,"column":8},"end":{"line":35,"column":20}},"14":{"start":{"line":39,"column":30},"end":{"line":41,"column":1}},"15":{"start":{"line":40,"column":4},"end":{"line":40,"column":54}},"16":{"start":{"line":43,"column":28},"end":{"line":48,"column":1}},"17":{"start":{"line":44,"column":24},"end":{"line":44,"column":67}},"18":{"start":{"line":45,"column":4},"end":{"line":47,"column":5}},"19":{"start":{"line":46,"column":8},"end":{"line":46,"column":66}},"20":{"start":{"line":46,"column":45},"end":{"line":46,"column":64}}},"fnMap":{"0":{"name":"addActiveUser","decl":{"start":{"line":16,"column":22},"end":{"line":16,"column":35}},"loc":{"start":{"line":16,"column":55},"end":{"line":19,"column":1}},"line":16},"1":{"name":"(anonymous_1)","decl":{"start":{"line":22,"column":42},"end":{"line":22,"column":43}},"loc":{"start":{"line":22,"column":62},"end":{"line":28,"column":1}},"line":22},"2":{"name":"(anonymous_2)","decl":{"start":{"line":30,"column":28},"end":{"line":30,"column":29}},"loc":{"start":{"line":30,"column":48},"end":{"line":37,"column":1}},"line":30},"3":{"name":"(anonymous_3)","decl":{"start":{"line":39,"column":30},"end":{"line":39,"column":31}},"loc":{"start":{"line":39,"column":50},"end":{"line":41,"column":1}},"line":39},"4":{"name":"(anonymous_4)","decl":{"start":{"line":43,"column":28},"end":{"line":43,"column":29}},"loc":{"start":{"line":43,"column":48},"end":{"line":48,"column":1}},"line":43},"5":{"name":"(anonymous_5)","decl":{"start":{"line":46,"column":31},"end":{"line":46,"column":32}},"loc":{"start":{"line":46,"column":45},"end":{"line":46,"column":64}},"line":46}},"branchMap":{"0":{"loc":{"start":{"line":24,"column":4},"end":{"line":27,"column":5}},"type":"if","locations":[{"start":{"line":24,"column":4},"end":{"line":27,"column":5}},{"start":{},"end":{}}],"line":24},"1":{"loc":{"start":{"line":32,"column":4},"end":{"line":36,"column":5}},"type":"if","locations":[{"start":{"line":32,"column":4},"end":{"line":36,"column":5}},{"start":{"line":34,"column":11},"end":{"line":36,"column":5}}],"line":32},"2":{"loc":{"start":{"line":45,"column":4},"end":{"line":47,"column":5}},"type":"if","locations":[{"start":{"line":45,"column":4},"end":{"line":47,"column":5}},{"start":{},"end":{}}],"line":45}},"s":{"0":1,"1":1,"2":0,"3":0,"4":1,"5":0,"6":0,"7":0,"8":0,"9":1,"10":1,"11":1,"12":1,"13":0,"14":1,"15":0,"16":1,"17":0,"18":0,"19":0,"20":0},"f":{"0":0,"1":0,"2":1,"3":0,"4":0,"5":0},"b":{"0":[0,0],"1":[1,0],"2":[0,0]},"_coverageSchema":"1a1c01bbd47fc00a2c39e90264f33305004495a9","hash":"851f9a8c245867e235edbf265fe0d04d41ac6a58"}
,"C:\\Users\\kaush\\Projects\\CMU\\fse-s24-sa1\\Backend\\model\\dao.js": {"path":"C:\\Users\\kaush\\Projects\\CMU\\fse-s24-sa1\\Backend\\model\\dao.js","statementMap":{"0":{"start":{"line":7,"column":18},"end":{"line":7,"column":23}},"1":{"start":{"line":12,"column":8},"end":{"line":14,"column":9}},"2":{"start":{"line":13,"column":12},"end":{"line":13,"column":73}},"3":{"start":{"line":15,"column":8},"end":{"line":15,"column":20}},"4":{"start":{"line":19,"column":8},"end":{"line":22,"column":9}},"5":{"start":{"line":20,"column":12},"end":{"line":20,"column":49}},"6":{"start":{"line":21,"column":12},"end":{"line":21,"column":37}},"7":{"start":{"line":23,"column":8},"end":{"line":23,"column":28}},"8":{"start":{"line":27,"column":8},"end":{"line":34,"column":9}},"9":{"start":{"line":28,"column":12},"end":{"line":28,"column":40}},"10":{"start":{"line":29,"column":12},"end":{"line":29,"column":36}},"11":{"start":{"line":30,"column":12},"end":{"line":30,"column":48}},"12":{"start":{"line":32,"column":12},"end":{"line":32,"column":66}},"13":{"start":{"line":33,"column":12},"end":{"line":33,"column":63}},"14":{"start":{"line":38,"column":8},"end":{"line":40,"column":9}},"15":{"start":{"line":39,"column":12},"end":{"line":39,"column":50}},"16":{"start":{"line":41,"column":8},"end":{"line":41,"column":24}},"17":{"start":{"line":48,"column":8},"end":{"line":48,"column":34}},"18":{"start":{"line":49,"column":8},"end":{"line":49,"column":32}},"19":{"start":{"line":53,"column":8},"end":{"line":55,"column":9}},"20":{"start":{"line":54,"column":12},"end":{"line":54,"column":50}},"21":{"start":{"line":57,"column":8},"end":{"line":57,"column":42}},"22":{"start":{"line":61,"column":8},"end":{"line":63,"column":9}},"23":{"start":{"line":62,"column":12},"end":{"line":62,"column":50}},"24":{"start":{"line":64,"column":28},"end":{"line":64,"column":59}},"25":{"start":{"line":66,"column":8},"end":{"line":69,"column":9}},"26":{"start":{"line":67,"column":31},"end":{"line":67,"column":47}},"27":{"start":{"line":68,"column":12},"end":{"line":68,"column":42}},"28":{"start":{"line":72,"column":17},"end":{"line":79,"column":5}},"29":{"start":{"line":73,"column":8},"end":{"line":78,"column":9}},"30":{"start":{"line":74,"column":25},"end":{"line":74,"column":159}},"31":{"start":{"line":75,"column":12},"end":{"line":75,"column":24}},"32":{"start":{"line":77,"column":12},"end":{"line":77,"column":52}},"33":{"start":{"line":81,"column":20},"end":{"line":88,"column":5}},"34":{"start":{"line":82,"column":8},"end":{"line":87,"column":9}},"35":{"start":{"line":83,"column":25},"end":{"line":83,"column":91}},"36":{"start":{"line":84,"column":12},"end":{"line":84,"column":24}},"37":{"start":{"line":86,"column":12},"end":{"line":86,"column":54}},"38":{"start":{"line":90,"column":25},"end":{"line":97,"column":5}},"39":{"start":{"line":91,"column":4},"end":{"line":96,"column":9}},"40":{"start":{"line":92,"column":21},"end":{"line":92,"column":115}},"41":{"start":{"line":93,"column":8},"end":{"line":93,"column":22}},"42":{"start":{"line":95,"column":8},"end":{"line":95,"column":87}},"43":{"start":{"line":99,"column":29},"end":{"line":111,"column":5}},"44":{"start":{"line":100,"column":8},"end":{"line":110,"column":9}},"45":{"start":{"line":101,"column":25},"end":{"line":101,"column":143}},"46":{"start":{"line":102,"column":12},"end":{"line":107,"column":13}},"47":{"start":{"line":103,"column":16},"end":{"line":103,"column":46}},"48":{"start":{"line":106,"column":16},"end":{"line":106,"column":36}},"49":{"start":{"line":109,"column":12},"end":{"line":109,"column":91}},"50":{"start":{"line":113,"column":23},"end":{"line":120,"column":5}},"51":{"start":{"line":114,"column":8},"end":{"line":119,"column":9}},"52":{"start":{"line":115,"column":25},"end":{"line":115,"column":103}},"53":{"start":{"line":116,"column":12},"end":{"line":116,"column":26}},"54":{"start":{"line":118,"column":12},"end":{"line":118,"column":91}},"55":{"start":{"line":122,"column":32},"end":{"line":134,"column":5}},"56":{"start":{"line":123,"column":8},"end":{"line":133,"column":9}},"57":{"start":{"line":124,"column":25},"end":{"line":124,"column":150}},"58":{"start":{"line":125,"column":12},"end":{"line":130,"column":13}},"59":{"start":{"line":126,"column":16},"end":{"line":126,"column":46}},"60":{"start":{"line":129,"column":16},"end":{"line":129,"column":36}},"61":{"start":{"line":132,"column":12},"end":{"line":132,"column":91}},"62":{"start":{"line":136,"column":33},"end":{"line":147,"column":5}},"63":{"start":{"line":137,"column":8},"end":{"line":146,"column":9}},"64":{"start":{"line":138,"column":25},"end":{"line":138,"column":147}},"65":{"start":{"line":139,"column":12},"end":{"line":143,"column":13}},"66":{"start":{"line":140,"column":16},"end":{"line":140,"column":46}},"67":{"start":{"line":142,"column":12},"end":{"line":142,"column":32}},"68":{"start":{"line":145,"column":12},"end":{"line":145,"column":91}},"69":{"start":{"line":149,"column":18},"end":{"line":156,"column":5}},"70":{"start":{"line":150,"column":8},"end":{"line":155,"column":9}},"71":{"start":{"line":151,"column":26},"end":{"line":151,"column":87}},"72":{"start":{"line":152,"column":12},"end":{"line":152,"column":25}},"73":{"start":{"line":154,"column":12},"end":{"line":154,"column":58}},"74":{"start":{"line":158,"column":32},"end":{"line":164,"column":5}},"75":{"start":{"line":159,"column":8},"end":{"line":163,"column":9}},"76":{"start":{"line":160,"column":12},"end":{"line":160,"column":98}},"77":{"start":{"line":162,"column":12},"end":{"line":162,"column":72}},"78":{"start":{"line":166,"column":23},"end":{"line":172,"column":5}},"79":{"start":{"line":167,"column":8},"end":{"line":171,"column":9}},"80":{"start":{"line":168,"column":12},"end":{"line":168,"column":92}},"81":{"start":{"line":170,"column":12},"end":{"line":170,"column":63}},"82":{"start":{"line":174,"column":24},"end":{"line":180,"column":5}},"83":{"start":{"line":175,"column":8},"end":{"line":179,"column":9}},"84":{"start":{"line":176,"column":25},"end":{"line":176,"column":105}},"85":{"start":{"line":178,"column":12},"end":{"line":178,"column":64}},"86":{"start":{"line":181,"column":23},"end":{"line":188,"column":5}},"87":{"start":{"line":182,"column":8},"end":{"line":187,"column":9}},"88":{"start":{"line":183,"column":12},"end":{"line":183,"column":142}},"89":{"start":{"line":184,"column":12},"end":{"line":184,"column":42}},"90":{"start":{"line":186,"column":12},"end":{"line":186,"column":63}},"91":{"start":{"line":190,"column":20},"end":{"line":198,"column":5}},"92":{"start":{"line":191,"column":8},"end":{"line":196,"column":9}},"93":{"start":{"line":192,"column":24},"end":{"line":192,"column":174}},"94":{"start":{"line":193,"column":12},"end":{"line":193,"column":23}},"95":{"start":{"line":195,"column":12},"end":{"line":195,"column":59}},"96":{"start":{"line":200,"column":24},"end":{"line":213,"column":5}},"97":{"start":{"line":201,"column":8},"end":{"line":212,"column":9}},"98":{"start":{"line":202,"column":36},"end":{"line":206,"column":13}},"99":{"start":{"line":207,"column":12},"end":{"line":207,"column":35}},"100":{"start":{"line":210,"column":12},"end":{"line":210,"column":31}},"101":{"start":{"line":211,"column":12},"end":{"line":211,"column":24}},"102":{"start":{"line":218,"column":21},"end":{"line":225,"column":5}},"103":{"start":{"line":219,"column":8},"end":{"line":224,"column":9}},"104":{"start":{"line":220,"column":25},"end":{"line":220,"column":77}},"105":{"start":{"line":221,"column":12},"end":{"line":221,"column":24}},"106":{"start":{"line":223,"column":12},"end":{"line":223,"column":61}},"107":{"start":{"line":226,"column":28},"end":{"line":239,"column":5}},"108":{"start":{"line":227,"column":8},"end":{"line":237,"column":9}},"109":{"start":{"line":228,"column":25},"end":{"line":233,"column":37}},"110":{"start":{"line":234,"column":12},"end":{"line":234,"column":24}},"111":{"start":{"line":236,"column":12},"end":{"line":236,"column":69}},"112":{"start":{"line":241,"column":24},"end":{"line":253,"column":5}},"113":{"start":{"line":243,"column":8},"end":{"line":250,"column":9}},"114":{"start":{"line":244,"column":12},"end":{"line":244,"column":87}},"115":{"start":{"line":245,"column":12},"end":{"line":247,"column":13}},"116":{"start":{"line":246,"column":16},"end":{"line":246,"column":66}},"117":{"start":{"line":249,"column":12},"end":{"line":249,"column":60}},"118":{"start":{"line":252,"column":8},"end":{"line":252,"column":20}}},"fnMap":{"0":{"name":"(anonymous_0)","decl":{"start":{"line":11,"column":4},"end":{"line":11,"column":5}},"loc":{"start":{"line":11,"column":18},"end":{"line":16,"column":5}},"line":11},"1":{"name":"(anonymous_1)","decl":{"start":{"line":18,"column":4},"end":{"line":18,"column":5}},"loc":{"start":{"line":18,"column":25},"end":{"line":24,"column":5}},"line":18},"2":{"name":"(anonymous_2)","decl":{"start":{"line":26,"column":4},"end":{"line":26,"column":5}},"loc":{"start":{"line":26,"column":25},"end":{"line":35,"column":5}},"line":26},"3":{"name":"(anonymous_3)","decl":{"start":{"line":37,"column":4},"end":{"line":37,"column":5}},"loc":{"start":{"line":37,"column":18},"end":{"line":42,"column":5}},"line":37},"4":{"name":"(anonymous_4)","decl":{"start":{"line":44,"column":4},"end":{"line":44,"column":5}},"loc":{"start":{"line":44,"column":21},"end":{"line":50,"column":5}},"line":44},"5":{"name":"(anonymous_5)","decl":{"start":{"line":52,"column":4},"end":{"line":52,"column":5}},"loc":{"start":{"line":52,"column":20},"end":{"line":58,"column":5}},"line":52},"6":{"name":"(anonymous_6)","decl":{"start":{"line":60,"column":4},"end":{"line":60,"column":5}},"loc":{"start":{"line":60,"column":20},"end":{"line":70,"column":5}},"line":60},"7":{"name":"(anonymous_7)","decl":{"start":{"line":72,"column":17},"end":{"line":72,"column":18}},"loc":{"start":{"line":72,"column":62},"end":{"line":79,"column":5}},"line":72},"8":{"name":"(anonymous_8)","decl":{"start":{"line":81,"column":20},"end":{"line":81,"column":21}},"loc":{"start":{"line":81,"column":40},"end":{"line":88,"column":5}},"line":81},"9":{"name":"(anonymous_9)","decl":{"start":{"line":90,"column":25},"end":{"line":90,"column":26}},"loc":{"start":{"line":90,"column":46},"end":{"line":97,"column":5}},"line":90},"10":{"name":"(anonymous_10)","decl":{"start":{"line":99,"column":29},"end":{"line":99,"column":30}},"loc":{"start":{"line":99,"column":54},"end":{"line":111,"column":5}},"line":99},"11":{"name":"(anonymous_11)","decl":{"start":{"line":113,"column":23},"end":{"line":113,"column":24}},"loc":{"start":{"line":113,"column":39},"end":{"line":120,"column":5}},"line":113},"12":{"name":"(anonymous_12)","decl":{"start":{"line":122,"column":32},"end":{"line":122,"column":33}},"loc":{"start":{"line":122,"column":58},"end":{"line":134,"column":5}},"line":122},"13":{"name":"(anonymous_13)","decl":{"start":{"line":136,"column":33},"end":{"line":136,"column":34}},"loc":{"start":{"line":136,"column":75},"end":{"line":147,"column":5}},"line":136},"14":{"name":"(anonymous_14)","decl":{"start":{"line":149,"column":18},"end":{"line":149,"column":19}},"loc":{"start":{"line":149,"column":30},"end":{"line":156,"column":5}},"line":149},"15":{"name":"(anonymous_15)","decl":{"start":{"line":158,"column":32},"end":{"line":158,"column":33}},"loc":{"start":{"line":158,"column":52},"end":{"line":164,"column":5}},"line":158},"16":{"name":"(anonymous_16)","decl":{"start":{"line":166,"column":23},"end":{"line":166,"column":24}},"loc":{"start":{"line":166,"column":43},"end":{"line":172,"column":5}},"line":166},"17":{"name":"(anonymous_17)","decl":{"start":{"line":174,"column":24},"end":{"line":174,"column":25}},"loc":{"start":{"line":174,"column":44},"end":{"line":180,"column":5}},"line":174},"18":{"name":"(anonymous_18)","decl":{"start":{"line":181,"column":23},"end":{"line":181,"column":24}},"loc":{"start":{"line":181,"column":51},"end":{"line":188,"column":5}},"line":181},"19":{"name":"(anonymous_19)","decl":{"start":{"line":190,"column":20},"end":{"line":190,"column":21}},"loc":{"start":{"line":190,"column":86},"end":{"line":198,"column":5}},"line":190},"20":{"name":"(anonymous_20)","decl":{"start":{"line":200,"column":24},"end":{"line":200,"column":25}},"loc":{"start":{"line":200,"column":50},"end":{"line":213,"column":5}},"line":200},"21":{"name":"(anonymous_21)","decl":{"start":{"line":218,"column":21},"end":{"line":218,"column":22}},"loc":{"start":{"line":218,"column":41},"end":{"line":225,"column":5}},"line":218},"22":{"name":"(anonymous_22)","decl":{"start":{"line":226,"column":28},"end":{"line":226,"column":29}},"loc":{"start":{"line":226,"column":58},"end":{"line":239,"column":5}},"line":226},"23":{"name":"(anonymous_23)","decl":{"start":{"line":241,"column":24},"end":{"line":241,"column":25}},"loc":{"start":{"line":241,"column":44},"end":{"line":253,"column":5}},"line":241}},"branchMap":{"0":{"loc":{"start":{"line":12,"column":8},"end":{"line":14,"column":9}},"type":"if","locations":[{"start":{"line":12,"column":8},"end":{"line":14,"column":9}},{"start":{},"end":{}}],"line":12},"1":{"loc":{"start":{"line":19,"column":8},"end":{"line":22,"column":9}},"type":"if","locations":[{"start":{"line":19,"column":8},"end":{"line":22,"column":9}},{"start":{},"end":{}}],"line":19},"2":{"loc":{"start":{"line":38,"column":8},"end":{"line":40,"column":9}},"type":"if","locations":[{"start":{"line":38,"column":8},"end":{"line":40,"column":9}},{"start":{},"end":{}}],"line":38},"3":{"loc":{"start":{"line":53,"column":8},"end":{"line":55,"column":9}},"type":"if","locations":[{"start":{"line":53,"column":8},"end":{"line":55,"column":9}},{"start":{},"end":{}}],"line":53},"4":{"loc":{"start":{"line":61,"column":8},"end":{"line":63,"column":9}},"type":"if","locations":[{"start":{"line":61,"column":8},"end":{"line":63,"column":9}},{"start":{},"end":{}}],"line":61},"5":{"loc":{"start":{"line":102,"column":12},"end":{"line":107,"column":13}},"type":"if","locations":[{"start":{"line":102,"column":12},"end":{"line":107,"column":13}},{"start":{"line":105,"column":16},"end":{"line":107,"column":13}}],"line":102},"6":{"loc":{"start":{"line":125,"column":12},"end":{"line":130,"column":13}},"type":"if","locations":[{"start":{"line":125,"column":12},"end":{"line":130,"column":13}},{"start":{"line":128,"column":16},"end":{"line":130,"column":13}}],"line":125},"7":{"loc":{"start":{"line":139,"column":12},"end":{"line":143,"column":13}},"type":"if","locations":[{"start":{"line":139,"column":12},"end":{"line":143,"column":13}},{"start":{"line":141,"column":17},"end":{"line":143,"column":13}}],"line":139}},"s":{"0":2,"1":2,"2":0,"3":2,"4":43,"5":2,"6":2,"7":43,"8":2,"9":2,"10":2,"11":2,"12":0,"13":0,"14":0,"15":0,"16":0,"17":2,"18":2,"19":2,"20":0,"21":2,"22":15,"23":0,"24":15,"25":15,"26":35,"27":35,"28":2,"29":8,"30":8,"31":8,"32":0,"33":2,"34":7,"35":7,"36":7,"37":0,"38":2,"39":0,"40":0,"41":0,"42":0,"43":2,"44":0,"45":0,"46":0,"47":0,"48":0,"49":0,"50":2,"51":0,"52":0,"53":0,"54":0,"55":2,"56":0,"57":0,"58":0,"59":0,"60":0,"61":0,"62":2,"63":0,"64":0,"65":0,"66":0,"67":0,"68":0,"69":2,"70":0,"71":0,"72":0,"73":0,"74":2,"75":0,"76":0,"77":0,"78":2,"79":0,"80":0,"81":0,"82":2,"83":0,"84":0,"85":0,"86":2,"87":1,"88":1,"89":1,"90":0,"91":2,"92":5,"93":5,"94":5,"95":0,"96":2,"97":3,"98":3,"99":3,"100":0,"101":0,"102":2,"103":0,"104":0,"105":0,"106":0,"107":2,"108":1,"109":1,"110":1,"111":0,"112":2,"113":2,"114":2,"115":2,"116":3,"117":0,"118":2},"f":{"0":2,"1":43,"2":2,"3":0,"4":2,"5":2,"6":15,"7":8,"8":7,"9":0,"10":0,"11":0,"12":0,"13":0,"14":0,"15":0,"16":0,"17":0,"18":1,"19":5,"20":3,"21":0,"22":1,"23":2},"b":{"0":[0,2],"1":[2,41],"2":[0,0],"3":[0,2],"4":[0,15],"5":[0,0],"6":[0,0],"7":[0,0]},"_coverageSchema":"1a1c01bbd47fc00a2c39e90264f33305004495a9","hash":"bda37d298afa9c203b8926f7e17ed09c9a139560"}
,"C:\\Users\\kaush\\Projects\\CMU\\fse-s24-sa1\\Backend\\model\\message-class.js": {"path":"C:\\Users\\kaush\\Projects\\CMU\\fse-s24-sa1\\Backend\\model\\message-class.js","statementMap":{"0":{"start":{"line":5,"column":8},"end":{"line":12,"column":10}}},"fnMap":{"0":{"name":"(anonymous_0)","decl":{"start":{"line":4,"column":4},"end":{"line":4,"column":5}},"loc":{"start":{"line":4,"column":63},"end":{"line":14,"column":5}},"line":4}},"branchMap":{},"s":{"0":1},"f":{"0":1},"b":{},"_coverageSchema":"1a1c01bbd47fc00a2c39e90264f33305004495a9","hash":"8cdadc97860627c206c0ce16291064cc4dd39c24"}
,"C:\\Users\\kaush\\Projects\\CMU\\fse-s24-sa1\\Backend\\model\\message-schema.js": {"path":"C:\\Users\\kaush\\Projects\\CMU\\fse-s24-sa1\\Backend\\model\\message-schema.js","statementMap":{"0":{"start":{"line":3,"column":23},"end":{"line":32,"column":2}},"1":{"start":{"line":33,"column":26},"end":{"line":33,"column":70}}},"fnMap":{},"branchMap":{},"s":{"0":2,"1":2},"f":{},"b":{},"_coverageSchema":"1a1c01bbd47fc00a2c39e90264f33305004495a9","hash":"9be78859a39007707a864924757538247a19413e"}
,"C:\\Users\\kaush\\Projects\\CMU\\fse-s24-sa1\\Backend\\model\\user-class.js": {"path":"C:\\Users\\kaush\\Projects\\CMU\\fse-s24-sa1\\Backend\\model\\user-class.js","statementMap":{"0":{"start":{"line":5,"column":8},"end":{"line":5,"column":83}},"1":{"start":{"line":5,"column":47},"end":{"line":5,"column":83}},"2":{"start":{"line":7,"column":8},"end":{"line":7,"column":33}},"3":{"start":{"line":8,"column":8},"end":{"line":8,"column":29}},"4":{"start":{"line":9,"column":8},"end":{"line":9,"column":33}},"5":{"start":{"line":13,"column":8},"end":{"line":13,"column":19}},"6":{"start":{"line":17,"column":8},"end":{"line":53,"column":9}},"7":{"start":{"line":57,"column":8},"end":{"line":57,"column":17}},"8":{"start":{"line":61,"column":8},"end":{"line":61,"column":17}},"9":{"start":{"line":66,"column":8},"end":{"line":69,"column":9}},"10":{"start":{"line":67,"column":12},"end":{"line":67,"column":72}},"11":{"start":{"line":68,"column":12},"end":{"line":68,"column":55}},"12":{"start":{"line":72,"column":8},"end":{"line":75,"column":9}},"13":{"start":{"line":73,"column":12},"end":{"line":73,"column":107}},"14":{"start":{"line":74,"column":12},"end":{"line":74,"column":55}},"15":{"start":{"line":78,"column":8},"end":{"line":81,"column":9}},"16":{"start":{"line":79,"column":12},"end":{"line":79,"column":67}},"17":{"start":{"line":80,"column":12},"end":{"line":80,"column":51}},"18":{"start":{"line":83,"column":8},"end":{"line":83,"column":17}},"19":{"start":{"line":87,"column":8},"end":{"line":87,"column":87}},"20":{"start":{"line":91,"column":8},"end":{"line":91,"column":57}},"21":{"start":{"line":95,"column":8},"end":{"line":95,"column":47}}},"fnMap":{"0":{"name":"(anonymous_0)","decl":{"start":{"line":4,"column":4},"end":{"line":4,"column":5}},"loc":{"start":{"line":4,"column":44},"end":{"line":10,"column":5}},"line":4},"1":{"name":"(anonymous_1)","decl":{"start":{"line":12,"column":4},"end":{"line":12,"column":5}},"loc":{"start":{"line":12,"column":21},"end":{"line":14,"column":5}},"line":12},"2":{"name":"(anonymous_2)","decl":{"start":{"line":16,"column":4},"end":{"line":16,"column":5}},"loc":{"start":{"line":16,"column":37},"end":{"line":54,"column":5}},"line":16},"3":{"name":"(anonymous_3)","decl":{"start":{"line":56,"column":4},"end":{"line":56,"column":5}},"loc":{"start":{"line":56,"column":35},"end":{"line":58,"column":5}},"line":56},"4":{"name":"(anonymous_4)","decl":{"start":{"line":60,"column":4},"end":{"line":60,"column":5}},"loc":{"start":{"line":60,"column":35},"end":{"line":62,"column":5}},"line":60},"5":{"name":"(anonymous_5)","decl":{"start":{"line":64,"column":4},"end":{"line":64,"column":5}},"loc":{"start":{"line":64,"column":40},"end":{"line":84,"column":5}},"line":64},"6":{"name":"(anonymous_6)","decl":{"start":{"line":86,"column":4},"end":{"line":86,"column":5}},"loc":{"start":{"line":86,"column":11},"end":{"line":88,"column":5}},"line":86},"7":{"name":"(anonymous_7)","decl":{"start":{"line":90,"column":4},"end":{"line":90,"column":5}},"loc":{"start":{"line":90,"column":30},"end":{"line":92,"column":5}},"line":90},"8":{"name":"(anonymous_8)","decl":{"start":{"line":94,"column":4},"end":{"line":94,"column":5}},"loc":{"start":{"line":94,"column":17},"end":{"line":96,"column":5}},"line":94}},"branchMap":{"0":{"loc":{"start":{"line":5,"column":8},"end":{"line":5,"column":83}},"type":"if","locations":[{"start":{"line":5,"column":8},"end":{"line":5,"column":83}},{"start":{},"end":{}}],"line":5},"1":{"loc":{"start":{"line":66,"column":8},"end":{"line":69,"column":9}},"type":"if","locations":[{"start":{"line":66,"column":8},"end":{"line":69,"column":9}},{"start":{},"end":{}}],"line":66},"2":{"loc":{"start":{"line":66,"column":12},"end":{"line":66,"column":65}},"type":"binary-expr","locations":[{"start":{"line":66,"column":12},"end":{"line":66,"column":21}},{"start":{"line":66,"column":25},"end":{"line":66,"column":65}}],"line":66},"3":{"loc":{"start":{"line":72,"column":8},"end":{"line":75,"column":9}},"type":"if","locations":[{"start":{"line":72,"column":8},"end":{"line":75,"column":9}},{"start":{},"end":{}}],"line":72},"4":{"loc":{"start":{"line":72,"column":12},"end":{"line":72,"column":65}},"type":"binary-expr","locations":[{"start":{"line":72,"column":12},"end":{"line":72,"column":21}},{"start":{"line":72,"column":25},"end":{"line":72,"column":65}}],"line":72},"5":{"loc":{"start":{"line":78,"column":8},"end":{"line":81,"column":9}},"type":"if","locations":[{"start":{"line":78,"column":8},"end":{"line":81,"column":9}},{"start":{},"end":{}}],"line":78}},"s":{"0":0,"1":0,"2":0,"3":0,"4":0,"5":0,"6":3,"7":4,"8":5,"9":5,"10":1,"11":1,"12":4,"13":1,"14":1,"15":3,"16":1,"17":1,"18":2,"19":0,"20":2,"21":0},"f":{"0":0,"1":0,"2":3,"3":4,"4":5,"5":5,"6":0,"7":2,"8":0},"b":{"0":[0,0],"1":[1,4],"2":[5,5],"3":[1,3],"4":[4,4],"5":[1,2]},"_coverageSchema":"1a1c01bbd47fc00a2c39e90264f33305004495a9","hash":"6232564b016a9c1841fff6318ac388cd29a563cb"}
,"C:\\Users\\kaush\\Projects\\CMU\\fse-s24-sa1\\Backend\\model\\user-schema.js": {"path":"C:\\Users\\kaush\\Projects\\CMU\\fse-s24-sa1\\Backend\\model\\user-schema.js","statementMap":{"0":{"start":{"line":3,"column":19},"end":{"line":29,"column":2}},"1":{"start":{"line":31,"column":23},"end":{"line":31,"column":61}}},"fnMap":{},"branchMap":{},"s":{"0":2,"1":2},"f":{},"b":{},"_coverageSchema":"1a1c01bbd47fc00a2c39e90264f33305004495a9","hash":"d3778833316d2e82c7694a962bbe2d6333ff1b2f"}
,"C:\\Users\\kaush\\Projects\\CMU\\fse-s24-sa1\\Backend\\route\\router.js": {"path":"C:\\Users\\kaush\\Projects\\CMU\\fse-s24-sa1\\Backend\\route\\router.js","statementMap":{"0":{"start":{"line":11,"column":15},"end":{"line":11,"column":31}},"1":{"start":{"line":13,"column":0},"end":{"line":13,"column":26}},"2":{"start":{"line":14,"column":0},"end":{"line":14,"column":36}},"3":{"start":{"line":15,"column":0},"end":{"line":15,"column":38}},"4":{"start":{"line":16,"column":0},"end":{"line":16,"column":61}},"5":{"start":{"line":16,"column":35},"end":{"line":16,"column":58}},"6":{"start":{"line":17,"column":0},"end":{"line":17,"column":31}},"7":{"start":{"line":18,"column":0},"end":{"line":18,"column":54}},"8":{"start":{"line":19,"column":0},"end":{"line":19,"column":51}},"9":{"start":{"line":20,"column":0},"end":{"line":20,"column":56}},"10":{"start":{"line":21,"column":0},"end":{"line":21,"column":53}},"11":{"start":{"line":22,"column":0},"end":{"line":22,"column":62}},"12":{"start":{"line":23,"column":0},"end":{"line":23,"column":63}},"13":{"start":{"line":24,"column":0},"end":{"line":24,"column":66}},"14":{"start":{"line":26,"column":0},"end":{"line":26,"column":45}},"15":{"start":{"line":27,"column":0},"end":{"line":27,"column":41}},"16":{"start":{"line":28,"column":0},"end":{"line":28,"column":59}},"17":{"start":{"line":29,"column":0},"end":{"line":29,"column":55}},"18":{"start":{"line":30,"column":0},"end":{"line":30,"column":48}},"19":{"start":{"line":32,"column":0},"end":{"line":32,"column":43}},"20":{"start":{"line":33,"column":0},"end":{"line":33,"column":60}},"21":{"start":{"line":35,"column":0},"end":{"line":35,"column":77}},"22":{"start":{"line":36,"column":0},"end":{"line":36,"column":98}},"23":{"start":{"line":37,"column":0},"end":{"line":37,"column":61}},"24":{"start":{"line":38,"column":0},"end":{"line":38,"column":89}},"25":{"start":{"line":39,"column":0},"end":{"line":39,"column":59}},"26":{"start":{"line":42,"column":0},"end":{"line":42,"column":45}},"27":{"start":{"line":43,"column":0},"end":{"line":43,"column":42}},"28":{"start":{"line":44,"column":0},"end":{"line":44,"column":46}}},"fnMap":{"0":{"name":"(anonymous_0)","decl":{"start":{"line":16,"column":20},"end":{"line":16,"column":21}},"loc":{"start":{"line":16,"column":35},"end":{"line":16,"column":58}},"line":16}},"branchMap":{},"s":{"0":1,"1":1,"2":1,"3":1,"4":1,"5":0,"6":1,"7":1,"8":1,"9":1,"10":1,"11":1,"12":1,"13":1,"14":1,"15":1,"16":1,"17":1,"18":1,"19":1,"20":1,"21":1,"22":1,"23":1,"24":1,"25":1,"26":1,"27":1,"28":1},"f":{"0":0},"b":{},"_coverageSchema":"1a1c01bbd47fc00a2c39e90264f33305004495a9","hash":"9a450cad1cb3644407aebadeb94b86209272fa76"}
,"C:\\Users\\kaush\\Projects\\CMU\\fse-s24-sa1\\Backend\\tests\\db-handler.js": {"path":"C:\\Users\\kaush\\Projects\\CMU\\fse-s24-sa1\\Backend\\tests\\db-handler.js","statementMap":{"0":{"start":{"line":3,"column":15},"end":{"line":3,"column":38}},"1":{"start":{"line":11,"column":4},"end":{"line":11,"column":25}},"2":{"start":{"line":12,"column":21},"end":{"line":12,"column":36}},"3":{"start":{"line":13,"column":16},"end":{"line":13,"column":33}},"4":{"start":{"line":14,"column":4},"end":{"line":14,"column":30}},"5":{"start":{"line":21,"column":16},"end":{"line":21,"column":33}},"6":{"start":{"line":22,"column":4},"end":{"line":22,"column":24}},"7":{"start":{"line":23,"column":4},"end":{"line":23,"column":24}},"8":{"start":{"line":30,"column":16},"end":{"line":30,"column":33}},"9":{"start":{"line":31,"column":4},"end":{"line":31,"column":24}}},"fnMap":{"0":{"name":"connect","decl":{"start":{"line":10,"column":22},"end":{"line":10,"column":29}},"loc":{"start":{"line":10,"column":32},"end":{"line":15,"column":1}},"line":10},"1":{"name":"closeDatabase","decl":{"start":{"line":20,"column":22},"end":{"line":20,"column":35}},"loc":{"start":{"line":20,"column":38},"end":{"line":24,"column":1}},"line":20},"2":{"name":"clearDatabase","decl":{"start":{"line":29,"column":22},"end":{"line":29,"column":35}},"loc":{"start":{"line":29,"column":38},"end":{"line":32,"column":1}},"line":29}},"branchMap":{},"s":{"0":2,"1":2,"2":2,"3":2,"4":2,"5":2,"6":2,"7":2,"8":15,"9":15},"f":{"0":2,"1":2,"2":15},"b":{},"_coverageSchema":"1a1c01bbd47fc00a2c39e90264f33305004495a9","hash":"61cbbf89d3eb27df3fc0771b8a92108297d78831"}
,"C:\\Users\\kaush\\Projects\\CMU\\fse-s24-sa1\\Backend\\utils\\passwordUtils.js": {"path":"C:\\Users\\kaush\\Projects\\CMU\\fse-s24-sa1\\Backend\\utils\\passwordUtils.js","statementMap":{"0":{"start":{"line":2,"column":19},"end":{"line":2,"column":21}},"1":{"start":{"line":5,"column":2},"end":{"line":11,"column":3}},"2":{"start":{"line":6,"column":25},"end":{"line":6,"column":56}},"3":{"start":{"line":7,"column":4},"end":{"line":7,"column":24}},"4":{"start":{"line":9,"column":4},"end":{"line":9,"column":40}},"5":{"start":{"line":10,"column":4},"end":{"line":10,"column":16}},"6":{"start":{"line":15,"column":2},"end":{"line":20,"column":3}},"7":{"start":{"line":16,"column":19},"end":{"line":16,"column":55}},"8":{"start":{"line":17,"column":4},"end":{"line":17,"column":18}},"9":{"start":{"line":19,"column":4},"end":{"line":19,"column":17}}},"fnMap":{"0":{"name":"hashPassword","decl":{"start":{"line":4,"column":15},"end":{"line":4,"column":27}},"loc":{"start":{"line":4,"column":38},"end":{"line":12,"column":1}},"line":4},"1":{"name":"comparePassword","decl":{"start":{"line":14,"column":15},"end":{"line":14,"column":30}},"loc":{"start":{"line":14,"column":47},"end":{"line":21,"column":1}},"line":14}},"branchMap":{},"s":{"0":2,"1":8,"2":8,"3":8,"4":0,"5":0,"6":2,"7":2,"8":1,"9":1},"f":{"0":8,"1":2},"b":{},"_coverageSchema":"1a1c01bbd47fc00a2c39e90264f33305004495a9","hash":"3451bfc11df74f44a1935bdcf59e292055b54e5c"}
,"C:\\Users\\kaush\\Projects\\CMU\\fse-s24-sa1\\Backend\\utils\\socketSetup.js": {"path":"C:\\Users\\kaush\\Projects\\CMU\\fse-s24-sa1\\Backend\\utils\\socketSetup.js","statementMap":{"0":{"start":{"line":7,"column":16},"end":{"line":7,"column":18}},"1":{"start":{"line":9,"column":27},"end":{"line":39,"column":1}},"2":{"start":{"line":10,"column":2},"end":{"line":10,"column":26}},"3":{"start":{"line":11,"column":2},"end":{"line":36,"column":5}},"4":{"start":{"line":12,"column":4},"end":{"line":12,"column":48}},"5":{"start":{"line":18,"column":4},"end":{"line":24,"column":7}},"6":{"start":{"line":19,"column":6},"end":{"line":21,"column":7}},"7":{"start":{"line":20,"column":8},"end":{"line":20,"column":25}},"8":{"start":{"line":22,"column":6},"end":{"line":22,"column":44}},"9":{"start":{"line":23,"column":6},"end":{"line":23,"column":86}},"10":{"start":{"line":27,"column":4},"end":{"line":33,"column":6}},"11":{"start":{"line":28,"column":10},"end":{"line":32,"column":11}},"12":{"start":{"line":29,"column":12},"end":{"line":29,"column":36}},"13":{"start":{"line":31,"column":12},"end":{"line":31,"column":30}},"14":{"start":{"line":38,"column":2},"end":{"line":38,"column":12}}},"fnMap":{"0":{"name":"(anonymous_0)","decl":{"start":{"line":9,"column":27},"end":{"line":9,"column":28}},"loc":{"start":{"line":9,"column":39},"end":{"line":39,"column":1}},"line":9},"1":{"name":"(anonymous_1)","decl":{"start":{"line":11,"column":22},"end":{"line":11,"column":23}},"loc":{"start":{"line":11,"column":39},"end":{"line":36,"column":3}},"line":11},"2":{"name":"(anonymous_2)","decl":{"start":{"line":18,"column":28},"end":{"line":18,"column":29}},"loc":{"start":{"line":18,"column":39},"end":{"line":24,"column":5}},"line":18},"3":{"name":"(anonymous_3)","decl":{"start":{"line":27,"column":30},"end":{"line":27,"column":31}},"loc":{"start":{"line":27,"column":44},"end":{"line":33,"column":5}},"line":27}},"branchMap":{"0":{"loc":{"start":{"line":19,"column":6},"end":{"line":21,"column":7}},"type":"if","locations":[{"start":{"line":19,"column":6},"end":{"line":21,"column":7}},{"start":{},"end":{}}],"line":19}},"s":{"0":1,"1":1,"2":1,"3":1,"4":0,"5":0,"6":0,"7":0,"8":0,"9":0,"10":0,"11":0,"12":0,"13":0,"14":1},"f":{"0":1,"1":0,"2":0,"3":0},"b":{"0":[0,0]},"_coverageSchema":"1a1c01bbd47fc00a2c39e90264f33305004495a9","hash":"b673aaeced49668e1f9ffe712b9da0e7365e077e"}
}
