TN:
SF:server.js
FN:19,(anonymous_0)
FN:48,(anonymous_1)
FN:57,(anonymous_2)
FN:62,(anonymous_3)
FN:67,(anonymous_4)
FN:71,(anonymous_5)
FN:75,(anonymous_6)
FNF:7
FNH:3
FNDA:1,(anonymous_0)
FNDA:0,(anonymous_1)
FNDA:1,(anonymous_2)
FNDA:1,(anonymous_3)
FNDA:0,(anonymous_4)
FNDA:0,(anonymous_5)
FNDA:0,(anonymous_6)
DA:21,1
DA:22,0
DA:25,1
DA:27,1
DA:28,1
DA:29,1
DA:31,1
DA:33,1
DA:34,0
DA:35,0
DA:38,1
DA:39,1
DA:40,1
DA:43,1
DA:48,1
DA:49,0
DA:51,1
DA:55,1
DA:56,1
DA:57,1
DA:58,1
DA:63,1
DA:64,1
DA:68,0
DA:72,0
DA:76,0
LF:26
LH:19
BRDA:21,0,0,0
BRDA:21,0,1,1
BRDA:33,1,0,0
BRDA:33,1,1,1
BRDA:45,2,0,1
BRDA:45,2,1,0
BRF:6
BRH:3
end_of_record
TN:
SF:Backend\controller\chatPrivately.js
FN:6,(anonymous_0)
FN:15,(anonymous_1)
FN:26,(anonymous_2)
FN:38,(anonymous_3)
FNF:4
FNH:3
FNDA:1,(anonymous_0)
FNDA:1,(anonymous_1)
FNDA:0,(anonymous_2)
FNDA:1,(anonymous_3)
DA:6,1
DA:7,1
DA:8,1
DA:9,1
DA:11,0
DA:15,1
DA:17,1
DA:18,1
DA:19,1
DA:22,1
DA:23,1
DA:24,0
DA:25,0
DA:26,0
DA:27,0
DA:34,1
DA:38,1
DA:39,1
DA:40,1
DA:41,1
DA:43,0
LF:21
LH:15
BRDA:23,0,0,0
BRDA:23,0,1,1
BRF:2
BRH:1
end_of_record
TN:
SF:Backend\controller\chatPublicly.js
FN:6,(anonymous_0)
FN:13,(anonymous_1)
FN:21,(anonymous_2)
FNF:3
FNH:0
FNDA:0,(anonymous_0)
FNDA:0,(anonymous_1)
FNDA:0,(anonymous_2)
DA:6,1
DA:7,0
DA:10,0
DA:13,1
DA:14,0
DA:15,0
DA:16,0
DA:18,0
DA:21,1
DA:22,0
DA:23,0
LF:11
LH:3
BRF:0
BRH:0
end_of_record
TN:
SF:Backend\controller\joinCommunity.js
FN:10,(anonymous_0)
FN:17,(anonymous_1)
FN:24,loginRegister
FN:42,(anonymous_3)
FN:69,(anonymous_4)
FN:115,(anonymous_5)
FNF:6
FNH:1
FNDA:0,(anonymous_0)
FNDA:0,(anonymous_1)
FNDA:1,loginRegister
FNDA:0,(anonymous_3)
FNDA:0,(anonymous_4)
FNDA:0,(anonymous_5)
DA:10,2
DA:11,0
DA:14,0
DA:17,2
DA:18,0
DA:21,0
DA:25,1
DA:26,1
DA:27,1
DA:28,1
DA:32,1
DA:33,1
DA:35,1
DA:38,0
DA:42,2
DA:43,0
DA:44,0
DA:45,0
DA:48,0
DA:69,2
DA:70,0
DA:75,0
DA:76,0
DA:77,0
DA:79,0
DA:80,0
DA:81,0
DA:83,0
DA:84,0
DA:85,0
DA:87,0
DA:88,0
DA:89,0
DA:91,0
DA:99,0
DA:101,0
DA:102,0
DA:103,0
DA:104,0
DA:105,0
DA:107,0
DA:110,0
DA:112,0
DA:115,2
DA:116,0
DA:117,0
DA:118,0
DA:119,0
DA:120,0
DA:121,0
DA:123,0
DA:124,0
DA:127,0
LF:53
LH:12
BRDA:26,0,0,1
BRDA:26,0,1,0
BRDA:44,1,0,0
BRDA:44,1,1,0
BRDA:79,2,0,0
BRDA:79,2,1,0
BRDA:83,3,0,0
BRDA:83,3,1,0
BRDA:87,4,0,0
BRDA:87,4,1,0
BRDA:101,5,0,0
BRDA:101,5,1,0
BRDA:104,6,0,0
BRDA:104,6,1,0
BRDA:118,7,0,0
BRDA:118,7,1,0
BRF:16
BRH:1
end_of_record
TN:
SF:Backend\controller\loginController.js
FN:6,(anonymous_0)
FN:15,(anonymous_1)
FN:29,(anonymous_2)
FN:42,(anonymous_3)
FN:60,(anonymous_4)
FN:72,(anonymous_5)
FNF:6
FNH:0
FNDA:0,(anonymous_0)
FNDA:0,(anonymous_1)
FNDA:0,(anonymous_2)
FNDA:0,(anonymous_3)
FNDA:0,(anonymous_4)
FNDA:0,(anonymous_5)
DA:6,1
DA:7,0
DA:8,0
DA:9,0
DA:11,0
DA:15,1
DA:16,0
DA:17,0
DA:18,0
DA:19,0
DA:20,0
DA:21,0
DA:22,0
DA:24,0
DA:29,1
DA:30,0
DA:31,0
DA:32,0
DA:33,0
DA:34,0
DA:35,0
DA:36,0
DA:38,0
DA:42,1
DA:43,0
DA:45,0
DA:46,0
DA:47,0
DA:48,0
DA:49,0
DA:50,0
DA:52,0
DA:54,0
DA:60,1
DA:61,0
DA:62,0
DA:63,0
DA:64,0
DA:65,0
DA:66,0
DA:72,1
DA:73,0
DA:74,0
DA:75,0
DA:77,0
DA:78,0
LF:46
LH:6
BRDA:8,0,0,0
BRDA:8,0,1,0
BRDA:17,1,0,0
BRDA:17,1,1,0
BRDA:18,2,0,0
BRDA:18,2,1,0
BRDA:31,3,0,0
BRDA:31,3,1,0
BRDA:46,4,0,0
BRDA:46,4,1,0
BRDA:63,5,0,0
BRDA:63,5,1,0
BRF:12
BRH:0
end_of_record
TN:
SF:Backend\controller\postAnnouncement.js
FN:5,(anonymous_0)
FN:13,(anonymous_1)
FNF:2
FNH:0
FNDA:0,(anonymous_0)
FNDA:0,(anonymous_1)
DA:5,1
DA:6,0
DA:7,0
DA:8,0
DA:10,0
DA:13,1
DA:14,0
DA:15,0
LF:8
LH:2
BRF:0
BRH:0
end_of_record
TN:
SF:Backend\controller\search_info.js
FN:3,containsStopWords
FN:24,(anonymous_1)
FN:36,(anonymous_2)
FN:58,(anonymous_3)
FN:64,(anonymous_4)
FN:76,(anonymous_5)
FNF:6
FNH:0
FNDA:0,containsStopWords
FNDA:0,(anonymous_1)
FNDA:0,(anonymous_2)
FNDA:0,(anonymous_3)
FNDA:0,(anonymous_4)
FNDA:0,(anonymous_5)
DA:4,0
DA:5,0
DA:16,0
DA:17,0
DA:18,0
DA:21,0
DA:24,1
DA:25,0
DA:26,0
DA:27,0
DA:28,0
DA:29,0
DA:31,0
DA:36,1
DA:38,0
DA:39,0
DA:40,0
DA:41,0
DA:42,0
DA:43,0
DA:44,0
DA:45,0
DA:47,0
DA:48,0
DA:49,0
DA:51,0
DA:58,1
DA:59,0
DA:60,0
DA:61,0
DA:64,1
DA:65,0
DA:66,0
DA:67,0
DA:68,0
DA:70,0
DA:72,0
DA:73,0
DA:76,1
DA:77,0
DA:78,0
DA:79,0
LF:42
LH:5
BRDA:17,0,0,0
BRDA:17,0,1,0
BRDA:27,1,0,0
BRDA:27,1,1,0
BRDA:42,2,0,0
BRDA:42,2,1,0
BRDA:47,3,0,0
BRDA:47,3,1,0
BRDA:66,4,0,0
BRDA:66,4,1,0
BRF:10
BRH:0
end_of_record
TN:
SF:Backend\controller\shareStatus.js
FN:4,(anonymous_0)
FN:19,(anonymous_1)
FNF:2
FNH:2
FNDA:1,(anonymous_0)
FNDA:1,(anonymous_1)
DA:4,1
DA:5,1
DA:6,1
DA:8,1
DA:9,1
DA:10,1
DA:11,1
DA:13,0
DA:19,1
DA:20,1
DA:21,1
DA:22,1
DA:23,1
DA:25,0
LF:14
LH:12
BRF:0
BRH:0
end_of_record
TN:
SF:Backend\controller\speedtest.js
FN:7,startSpeedTest
FN:18,stopSpeedTest
FN:23,(anonymous_2)
FN:33,(anonymous_3)
FNF:4
FNH:0
FNDA:0,startSpeedTest
FNDA:0,stopSpeedTest
FNDA:0,(anonymous_2)
FNDA:0,(anonymous_3)
DA:8,0
DA:9,0
DA:10,0
DA:12,0
DA:13,0
DA:14,0
DA:15,0
DA:19,0
DA:20,0
DA:23,1
DA:24,0
DA:25,0
DA:26,0
DA:27,0
DA:28,0
DA:29,0
DA:30,0
DA:33,1
DA:34,0
DA:35,0
DA:37,0
LF:21
LH:2
BRDA:34,0,0,0
BRDA:34,0,1,0
BRF:2
BRH:0
end_of_record
TN:
SF:Backend\model\ActiveUser.js
FN:16,addActiveUser
FN:22,(anonymous_1)
FN:30,(anonymous_2)
FN:39,(anonymous_3)
FN:43,(anonymous_4)
FN:46,(anonymous_5)
FNF:6
FNH:1
FNDA:0,addActiveUser
FNDA:0,(anonymous_1)
FNDA:1,(anonymous_2)
FNDA:0,(anonymous_3)
FNDA:0,(anonymous_4)
FNDA:0,(anonymous_5)
DA:2,1
DA:13,1
DA:17,0
DA:18,0
DA:22,1
DA:23,0
DA:24,0
DA:25,0
DA:26,0
DA:30,1
DA:31,1
DA:32,1
DA:33,1
DA:35,0
DA:39,1
DA:40,0
DA:43,1
DA:44,0
DA:45,0
DA:46,0
LF:20
LH:9
BRDA:24,0,0,0
BRDA:24,0,1,0
BRDA:32,1,0,1
BRDA:32,1,1,0
BRDA:45,2,0,0
BRDA:45,2,1,0
BRF:6
BRH:1
end_of_record
TN:
SF:Backend\model\dao.js
FN:11,(anonymous_0)
FN:18,(anonymous_1)
FN:26,(anonymous_2)
FN:37,(anonymous_3)
FN:44,(anonymous_4)
FN:52,(anonymous_5)
FN:60,(anonymous_6)
FN:72,(anonymous_7)
FN:81,(anonymous_8)
FN:90,(anonymous_9)
FN:99,(anonymous_10)
FN:113,(anonymous_11)
FN:122,(anonymous_12)
FN:136,(anonymous_13)
FN:149,(anonymous_14)
FN:158,(anonymous_15)
FN:166,(anonymous_16)
FN:174,(anonymous_17)
FN:181,(anonymous_18)
FN:190,(anonymous_19)
FN:200,(anonymous_20)
FN:218,(anonymous_21)
FN:226,(anonymous_22)
FN:241,(anonymous_23)
FNF:24
FNH:13
FNDA:2,(anonymous_0)
FNDA:43,(anonymous_1)
FNDA:2,(anonymous_2)
FNDA:0,(anonymous_3)
FNDA:2,(anonymous_4)
FNDA:2,(anonymous_5)
FNDA:15,(anonymous_6)
FNDA:8,(anonymous_7)
FNDA:7,(anonymous_8)
FNDA:0,(anonymous_9)
FNDA:0,(anonymous_10)
FNDA:0,(anonymous_11)
FNDA:0,(anonymous_12)
FNDA:0,(anonymous_13)
FNDA:0,(anonymous_14)
FNDA:0,(anonymous_15)
FNDA:0,(anonymous_16)
FNDA:0,(anonymous_17)
FNDA:1,(anonymous_18)
FNDA:5,(anonymous_19)
FNDA:3,(anonymous_20)
FNDA:0,(anonymous_21)
FNDA:1,(anonymous_22)
FNDA:2,(anonymous_23)
DA:7,2
DA:12,2
DA:13,0
DA:15,2
DA:19,43
DA:20,2
DA:21,2
DA:23,43
DA:27,2
DA:28,2
DA:29,2
DA:30,2
DA:32,0
DA:33,0
DA:38,0
DA:39,0
DA:41,0
DA:48,2
DA:49,2
DA:53,2
DA:54,0
DA:57,2
DA:61,15
DA:62,0
DA:64,15
DA:66,15
DA:67,35
DA:68,35
DA:72,2
DA:73,8
DA:74,8
DA:75,8
DA:77,0
DA:81,2
DA:82,7
DA:83,7
DA:84,7
DA:86,0
DA:90,2
DA:91,0
DA:92,0
DA:93,0
DA:95,0
DA:99,2
DA:100,0
DA:101,0
DA:102,0
DA:103,0
DA:106,0
DA:109,0
DA:113,2
DA:114,0
DA:115,0
DA:116,0
DA:118,0
DA:122,2
DA:123,0
DA:124,0
DA:125,0
DA:126,0
DA:129,0
DA:132,0
DA:136,2
DA:137,0
DA:138,0
DA:139,0
DA:140,0
DA:142,0
DA:145,0
DA:149,2
DA:150,0
DA:151,0
DA:152,0
DA:154,0
DA:158,2
DA:159,0
DA:160,0
DA:162,0
DA:166,2
DA:167,0
DA:168,0
DA:170,0
DA:174,2
DA:175,0
DA:176,0
DA:178,0
DA:181,2
DA:182,1
DA:183,1
DA:184,1
DA:186,0
DA:190,2
DA:191,5
DA:192,5
DA:193,5
DA:195,0
DA:200,2
DA:201,3
DA:202,3
DA:207,3
DA:210,0
DA:211,0
DA:218,2
DA:219,0
DA:220,0
DA:221,0
DA:223,0
DA:226,2
DA:227,1
DA:228,1
DA:234,1
DA:236,0
DA:241,2
DA:243,2
DA:244,2
DA:245,2
DA:246,3
DA:249,0
DA:252,2
LF:119
LH:60
BRDA:12,0,0,0
BRDA:12,0,1,2
BRDA:19,1,0,2
BRDA:19,1,1,41
BRDA:38,2,0,0
BRDA:38,2,1,0
BRDA:53,3,0,0
BRDA:53,3,1,2
BRDA:61,4,0,0
BRDA:61,4,1,15
BRDA:102,5,0,0
BRDA:102,5,1,0
BRDA:125,6,0,0
BRDA:125,6,1,0
BRDA:139,7,0,0
BRDA:139,7,1,0
BRF:16
BRH:5
end_of_record
TN:
SF:Backend\model\message-class.js
FN:4,(anonymous_0)
FNF:1
FNH:1
FNDA:1,(anonymous_0)
DA:5,1
LF:1
LH:1
BRF:0
BRH:0
end_of_record
TN:
SF:Backend\model\message-schema.js
FNF:0
FNH:0
DA:3,2
DA:33,2
LF:2
LH:2
BRF:0
BRH:0
end_of_record
TN:
SF:Backend\model\user-class.js
FN:4,(anonymous_0)
FN:12,(anonymous_1)
FN:16,(anonymous_2)
FN:56,(anonymous_3)
FN:60,(anonymous_4)
FN:64,(anonymous_5)
FN:86,(anonymous_6)
FN:90,(anonymous_7)
FN:94,(anonymous_8)
FNF:9
FNH:5
FNDA:0,(anonymous_0)
FNDA:0,(anonymous_1)
FNDA:3,(anonymous_2)
FNDA:4,(anonymous_3)
FNDA:5,(anonymous_4)
FNDA:5,(anonymous_5)
FNDA:0,(anonymous_6)
FNDA:2,(anonymous_7)
FNDA:0,(anonymous_8)
DA:5,0
DA:7,0
DA:8,0
DA:9,0
DA:13,0
DA:17,3
DA:57,4
DA:61,5
DA:66,5
DA:67,1
DA:68,1
DA:72,4
DA:73,1
DA:74,1
DA:78,3
DA:79,1
DA:80,1
DA:83,2
DA:87,0
DA:91,2
DA:95,0
LF:21
LH:14
BRDA:5,0,0,0
BRDA:5,0,1,0
BRDA:66,1,0,1
BRDA:66,1,1,4
BRDA:66,2,0,5
BRDA:66,2,1,5
BRDA:72,3,0,1
BRDA:72,3,1,3
BRDA:72,4,0,4
BRDA:72,4,1,4
BRDA:78,5,0,1
BRDA:78,5,1,2
BRF:12
BRH:10
end_of_record
TN:
SF:Backend\model\user-schema.js
FNF:0
FNH:0
DA:3,2
DA:31,2
LF:2
LH:2
BRF:0
BRH:0
end_of_record
TN:
SF:Backend\route\router.js
FN:16,(anonymous_0)
FNF:1
FNH:0
FNDA:0,(anonymous_0)
DA:11,1
DA:13,1
DA:14,1
DA:15,1
DA:16,1
DA:17,1
DA:18,1
DA:19,1
DA:20,1
DA:21,1
DA:22,1
DA:23,1
DA:24,1
DA:26,1
DA:27,1
DA:28,1
DA:29,1
DA:30,1
DA:32,1
DA:33,1
DA:35,1
DA:36,1
DA:37,1
DA:38,1
DA:39,1
DA:42,1
DA:43,1
DA:44,1
LF:28
LH:28
BRF:0
BRH:0
end_of_record
TN:
SF:Backend\tests\db-handler.js
FN:10,connect
FN:20,closeDatabase
FN:29,clearDatabase
FNF:3
FNH:3
FNDA:2,connect
FNDA:2,closeDatabase
FNDA:15,clearDatabase
DA:3,2
DA:11,2
DA:12,2
DA:13,2
DA:14,2
DA:21,2
DA:22,2
DA:23,2
DA:30,15
DA:31,15
LF:10
LH:10
BRF:0
BRH:0
end_of_record
TN:
SF:Backend\utils\passwordUtils.js
FN:4,hashPassword
FN:14,comparePassword
FNF:2
FNH:2
FNDA:8,hashPassword
FNDA:2,comparePassword
DA:2,2
DA:5,8
DA:6,8
DA:7,8
DA:9,0
DA:10,0
DA:15,2
DA:16,2
DA:17,1
DA:19,1
LF:10
LH:8
BRF:0
BRH:0
end_of_record
TN:
SF:Backend\utils\socketSetup.js
FN:9,(anonymous_0)
FN:11,(anonymous_1)
FN:18,(anonymous_2)
FN:27,(anonymous_3)
FNF:4
FNH:1
FNDA:1,(anonymous_0)
FNDA:0,(anonymous_1)
FNDA:0,(anonymous_2)
FNDA:0,(anonymous_3)
DA:7,1
DA:9,1
DA:10,1
DA:11,1
DA:12,0
DA:18,0
DA:19,0
DA:20,0
DA:22,0
DA:23,0
DA:27,0
DA:28,0
DA:29,0
DA:31,0
DA:38,1
LF:15
LH:5
BRDA:19,0,0,0
BRDA:19,0,1,0
BRF:2
BRH:0
end_of_record
